{"$message_type":"diagnostic","message":"unused import: `Operation`","code":{"code":"unused_imports","explanation":null},"level":"warning","spans":[{"file_name":"src/history.rs","byte_start":170,"byte_end":179,"line_start":6,"line_end":6,"column_start":20,"column_end":29,"is_primary":true,"text":[{"text":"use crate::state::{Operation, ShellState};","highlight_start":20,"highlight_end":29}],"label":null,"suggested_replacement":null,"suggestion_applicability":null,"expansion":null}],"children":[{"message":"`#[warn(unused_imports)]` (part of `#[warn(unused)]`) on by default","code":null,"level":"note","spans":[],"children":[],"rendered":null},{"message":"remove the unused import","code":null,"level":"help","spans":[{"file_name":"src/history.rs","byte_start":170,"byte_end":181,"line_start":6,"line_end":6,"column_start":20,"column_end":31,"is_primary":true,"text":[{"text":"use crate::state::{Operation, ShellState};","highlight_start":20,"highlight_end":31}],"label":null,"suggested_replacement":"","suggestion_applicability":"MachineApplicable","expansion":null},{"file_name":"src/history.rs","byte_start":169,"byte_end":170,"line_start":6,"line_end":6,"column_start":19,"column_end":20,"is_primary":true,"text":[{"text":"use crate::state::{Operation, ShellState};","highlight_start":19,"highlight_end":20}],"label":null,"suggested_replacement":"","suggestion_applicability":"MachineApplicable","expansion":null},{"file_name":"src/history.rs","byte_start":191,"byte_end":192,"line_start":6,"line_end":6,"column_start":41,"column_end":42,"is_primary":true,"text":[{"text":"use crate::state::{Operation, ShellState};","highlight_start":41,"highlight_end":42}],"label":null,"suggested_replacement":"","suggestion_applicability":"MachineApplicable","expansion":null}],"children":[],"rendered":null}],"rendered":"\u001b[1m\u001b[33mwarning\u001b[0m\u001b[1m: unused import: `Operation`\u001b[0m\n \u001b[1m\u001b[94m--> \u001b[0msrc/history.rs:6:20\n  \u001b[1m\u001b[94m|\u001b[0m\n\u001b[1m\u001b[94m6\u001b[0m \u001b[1m\u001b[94m|\u001b[0m use crate::state::{Operation, ShellState};\n  \u001b[1m\u001b[94m|\u001b[0m                    \u001b[1m\u001b[33m^^^^^^^^^\u001b[0m\n  \u001b[1m\u001b[94m|\u001b[0m\n  \u001b[1m\u001b[94m= \u001b[0m\u001b[1mnote\u001b[0m: `#[warn(unused_imports)]` (part of `#[warn(unused)]`) on by default\n\n"}
{"$message_type":"diagnostic","message":"the trait bound `Uuid: serde::Serialize` is not satisfied","code":{"code":"E0277","explanation":"You tried to use a type which doesn't implement some trait in a place which\nexpected that trait.\n\nErroneous code example:\n\n```compile_fail,E0277\n// here we declare the Foo trait with a bar method\ntrait Foo {\n    fn bar(&self);\n}\n\n// we now declare a function which takes an object implementing the Foo trait\nfn some_func<T: Foo>(foo: T) {\n    foo.bar();\n}\n\nfn main() {\n    // we now call the method with the i32 type, which doesn't implement\n    // the Foo trait\n    some_func(5i32); // error: the trait bound `i32 : Foo` is not satisfied\n}\n```\n\nIn order to fix this error, verify that the type you're using does implement\nthe trait. Example:\n\n```\ntrait Foo {\n    fn bar(&self);\n}\n\n// we implement the trait on the i32 type\nimpl Foo for i32 {\n    fn bar(&self) {}\n}\n\nfn some_func<T: Foo>(foo: T) {\n    foo.bar(); // we can now use this method since i32 implements the\n               // Foo trait\n}\n\nfn main() {\n    some_func(5i32); // ok!\n}\n```\n\nOr in a generic context, an erroneous code example would look like:\n\n```compile_fail,E0277\nfn some_func<T>(foo: T) {\n    println!(\"{:?}\", foo); // error: the trait `core::fmt::Debug` is not\n                           //        implemented for the type `T`\n}\n\nfn main() {\n    // We now call the method with the i32 type,\n    // which *does* implement the Debug trait.\n    some_func(5i32);\n}\n```\n\nNote that the error here is in the definition of the generic function. Although\nwe only call it with a parameter that does implement `Debug`, the compiler\nstill rejects the function. It must work with all possible input types. In\norder to make this example compile, we need to restrict the generic type we're\naccepting:\n\n```\nuse std::fmt;\n\n// Restrict the input type to types that implement Debug.\nfn some_func<T: fmt::Debug>(foo: T) {\n    println!(\"{:?}\", foo);\n}\n\nfn main() {\n    // Calling the method is still fine, as i32 implements Debug.\n    some_func(5i32);\n\n    // This would fail to compile now:\n    // struct WithoutDebug;\n    // some_func(WithoutDebug);\n}\n```\n\nRust only looks at the signature of the called function, as such it must\nalready specify all requirements that will be used for every type parameter.\n"},"level":"error","spans":[{"file_name":"src/state.rs","byte_start":1879,"byte_end":1888,"line_start":58,"line_end":58,"column_start":24,"column_end":33,"is_primary":true,"text":[{"text":"#[derive(Debug, Clone, Serialize, Deserialize)]","highlight_start":24,"highlight_end":33}],"label":"the trait `Serialize` is not implemented for `Uuid`","suggested_replacement":null,"suggestion_applicability":null,"expansion":{"span":{"file_name":"src/state.rs","byte_start":1879,"byte_end":1888,"line_start":58,"line_end":58,"column_start":24,"column_end":33,"is_primary":false,"text":[{"text":"#[derive(Debug, Clone, Serialize, Deserialize)]","highlight_start":24,"highlight_end":33}],"label":null,"suggested_replacement":null,"suggestion_applicability":null,"expansion":null},"macro_decl_name":"#[derive(Serialize)]","def_site_span":{"file_name":"/home/hyper/.cargo/registry/src/index.crates.io-1949cf8c6b5b557f/serde_derive-1.0.228/src/lib.rs","byte_start":3101,"byte_end":3159,"line_start":114,"line_end":114,"column_start":1,"column_end":59,"is_primary":false,"text":[{"text":"pub fn derive_serialize(input: TokenStream) -> TokenStream {","highlight_start":1,"highlight_end":59}],"label":null,"suggested_replacement":null,"suggestion_applicability":null,"expansion":null}}},{"file_name":"src/state.rs","byte_start":1931,"byte_end":1971,"line_start":60,"line_end":61,"column_start":5,"column_end":17,"is_primary":false,"text":[{"text":"    /// Unique operation ID","highlight_start":5,"highlight_end":28},{"text":"    pub id: Uuid,","highlight_start":1,"highlight_end":17}],"label":"required by a bound introduced by this call","suggested_replacement":null,"suggestion_applicability":null,"expansion":null}],"children":[{"message":"for local types consider adding `#[derive(serde::Serialize)]` to your `Uuid` type","code":null,"level":"note","spans":[],"children":[],"rendered":null},{"message":"for types from other crates check whether the crate offers a `serde` feature flag","code":null,"level":"note","spans":[],"children":[],"rendered":null},{"message":"the following other types implement trait `Serialize`:\n  &'a T\n  &'a mut T\n  ()\n  (T,)\n  (T0, T1)\n  (T0, T1, T2)\n  (T0, T1, T2, T3)\n  (T0, T1, T2, T3, T4)\nand 143 others","code":null,"level":"help","spans":[],"children":[],"rendered":null},{"message":"required by a bound in `history::_::_serde::ser::SerializeStruct::serialize_field`","code":null,"level":"note","spans":[{"file_name":"/home/hyper/.cargo/registry/src/index.crates.io-1949cf8c6b5b557f/serde_core-1.0.228/src/ser/mod.rs","byte_start":62575,"byte_end":62590,"line_start":1915,"line_end":1915,"column_start":8,"column_end":23,"is_primary":false,"text":[{"text":"    fn serialize_field<T>(&mut self, key: &'static str, value: &T) -> Result<(), Self::Error>","highlight_start":8,"highlight_end":23}],"label":"required by a bound in this associated function","suggested_replacement":null,"suggestion_applicability":null,"expansion":null},{"file_name":"/home/hyper/.cargo/registry/src/index.crates.io-1949cf8c6b5b557f/serde_core-1.0.228/src/ser/mod.rs","byte_start":62692,"byte_end":62701,"line_start":1917,"line_end":1917,"column_start":21,"column_end":30,"is_primary":true,"text":[{"text":"        T: ?Sized + Serialize;","highlight_start":21,"highlight_end":30}],"label":"required by this bound in `SerializeStruct::serialize_field`","suggested_replacement":null,"suggestion_applicability":null,"expansion":null}],"children":[],"rendered":null}],"rendered":"\u001b[1m\u001b[91merror[E0277]\u001b[0m\u001b[1m: the trait bound `Uuid: serde::Serialize` is not satisfied\u001b[0m\n    \u001b[1m\u001b[94m--> \u001b[0msrc/state.rs:58:24\n     \u001b[1m\u001b[94m|\u001b[0m\n\u001b[1m\u001b[94m  58\u001b[0m \u001b[1m\u001b[94m|\u001b[0m   #[derive(Debug, Clone, Serialize, Deserialize)]\n     \u001b[1m\u001b[94m|\u001b[0m                          \u001b[1m\u001b[91m^^^^^^^^^\u001b[0m \u001b[1m\u001b[91mthe trait `Serialize` is not implemented for `Uuid`\u001b[0m\n\u001b[1m\u001b[94m  59\u001b[0m \u001b[1m\u001b[94m|\u001b[0m   pub struct Operation {\n\u001b[1m\u001b[94m  60\u001b[0m \u001b[1m\u001b[94m|\u001b[0m \u001b[1m\u001b[94m/\u001b[0m     /// Unique operation ID\n\u001b[1m\u001b[94m  61\u001b[0m \u001b[1m\u001b[94m|\u001b[0m \u001b[1m\u001b[94m|\u001b[0m     pub id: Uuid,\n     \u001b[1m\u001b[94m|\u001b[0m \u001b[1m\u001b[94m|________________-\u001b[0m \u001b[1m\u001b[94mrequired by a bound introduced by this call\u001b[0m\n     \u001b[1m\u001b[94m|\u001b[0m\n     \u001b[1m\u001b[94m= \u001b[0m\u001b[1mnote\u001b[0m: for local types consider adding `#[derive(serde::Serialize)]` to your `Uuid` type\n     \u001b[1m\u001b[94m= \u001b[0m\u001b[1mnote\u001b[0m: for types from other crates check whether the crate offers a `serde` feature flag\n     \u001b[1m\u001b[94m= \u001b[0m\u001b[1mhelp\u001b[0m: the following other types implement trait `Serialize`:\n               &'a T\n               &'a mut T\n               ()\n               (T,)\n               (T0, T1)\n               (T0, T1, T2)\n               (T0, T1, T2, T3)\n               (T0, T1, T2, T3, T4)\n             and 143 others\n\u001b[1m\u001b[92mnote\u001b[0m: required by a bound in `history::_::_serde::ser::SerializeStruct::serialize_field`\n    \u001b[1m\u001b[94m--> \u001b[0m/home/hyper/.cargo/registry/src/index.crates.io-1949cf8c6b5b557f/serde_core-1.0.228/src/ser/mod.rs:1917:21\n     \u001b[1m\u001b[94m|\u001b[0m\n\u001b[1m\u001b[94m1915\u001b[0m \u001b[1m\u001b[94m|\u001b[0m     fn serialize_field<T>(&mut self, key: &'static str, value: &T) -> Result<(), Self::Error>\n     \u001b[1m\u001b[94m|\u001b[0m        \u001b[1m\u001b[94m---------------\u001b[0m \u001b[1m\u001b[94mrequired by a bound in this associated function\u001b[0m\n\u001b[1m\u001b[94m1916\u001b[0m \u001b[1m\u001b[94m|\u001b[0m     where\n\u001b[1m\u001b[94m1917\u001b[0m \u001b[1m\u001b[94m|\u001b[0m         T: ?Sized + Serialize;\n     \u001b[1m\u001b[94m|\u001b[0m                     \u001b[1m\u001b[92m^^^^^^^^^\u001b[0m \u001b[1m\u001b[92mrequired by this bound in `SerializeStruct::serialize_field`\u001b[0m\n     \u001b[1m\u001b[94m= \u001b[0m\u001b[1mnote\u001b[0m: this error originates in the derive macro `Serialize` (in Nightly builds, run with -Z macro-backtrace for more info)\n\n"}
{"$message_type":"diagnostic","message":"the trait bound `Uuid: serde::Deserialize<'de>` is not satisfied","code":{"code":"E0277","explanation":"You tried to use a type which doesn't implement some trait in a place which\nexpected that trait.\n\nErroneous code example:\n\n```compile_fail,E0277\n// here we declare the Foo trait with a bar method\ntrait Foo {\n    fn bar(&self);\n}\n\n// we now declare a function which takes an object implementing the Foo trait\nfn some_func<T: Foo>(foo: T) {\n    foo.bar();\n}\n\nfn main() {\n    // we now call the method with the i32 type, which doesn't implement\n    // the Foo trait\n    some_func(5i32); // error: the trait bound `i32 : Foo` is not satisfied\n}\n```\n\nIn order to fix this error, verify that the type you're using does implement\nthe trait. Example:\n\n```\ntrait Foo {\n    fn bar(&self);\n}\n\n// we implement the trait on the i32 type\nimpl Foo for i32 {\n    fn bar(&self) {}\n}\n\nfn some_func<T: Foo>(foo: T) {\n    foo.bar(); // we can now use this method since i32 implements the\n               // Foo trait\n}\n\nfn main() {\n    some_func(5i32); // ok!\n}\n```\n\nOr in a generic context, an erroneous code example would look like:\n\n```compile_fail,E0277\nfn some_func<T>(foo: T) {\n    println!(\"{:?}\", foo); // error: the trait `core::fmt::Debug` is not\n                           //        implemented for the type `T`\n}\n\nfn main() {\n    // We now call the method with the i32 type,\n    // which *does* implement the Debug trait.\n    some_func(5i32);\n}\n```\n\nNote that the error here is in the definition of the generic function. Although\nwe only call it with a parameter that does implement `Debug`, the compiler\nstill rejects the function. It must work with all possible input types. In\norder to make this example compile, we need to restrict the generic type we're\naccepting:\n\n```\nuse std::fmt;\n\n// Restrict the input type to types that implement Debug.\nfn some_func<T: fmt::Debug>(foo: T) {\n    println!(\"{:?}\", foo);\n}\n\nfn main() {\n    // Calling the method is still fine, as i32 implements Debug.\n    some_func(5i32);\n\n    // This would fail to compile now:\n    // struct WithoutDebug;\n    // some_func(WithoutDebug);\n}\n```\n\nRust only looks at the signature of the called function, as such it must\nalready specify all requirements that will be used for every type parameter.\n"},"level":"error","spans":[{"file_name":"src/state.rs","byte_start":1967,"byte_end":1971,"line_start":61,"line_end":61,"column_start":13,"column_end":17,"is_primary":true,"text":[{"text":"    pub id: Uuid,","highlight_start":13,"highlight_end":17}],"label":"the trait `Deserialize<'_>` is not implemented for `Uuid`","suggested_replacement":null,"suggestion_applicability":null,"expansion":null}],"children":[{"message":"for local types consider adding `#[derive(serde::Deserialize)]` to your `Uuid` type","code":null,"level":"note","spans":[],"children":[],"rendered":null},{"message":"for types from other crates check whether the crate offers a `serde` feature flag","code":null,"level":"note","spans":[],"children":[],"rendered":null},{"message":"the following other types implement trait `Deserialize<'de>`:\n  &'a Path\n  &'a [u8]\n  &'a str\n  ()\n  (T,)\n  (T0, T1)\n  (T0, T1, T2)\n  (T0, T1, T2, T3)\nand 158 others","code":null,"level":"help","spans":[],"children":[],"rendered":null},{"message":"required by a bound in `next_element`","code":null,"level":"note","spans":[{"file_name":"/home/hyper/.cargo/registry/src/index.crates.io-1949cf8c6b5b557f/serde_core-1.0.228/src/de/mod.rs","byte_start":63908,"byte_end":63920,"line_start":1769,"line_end":1769,"column_start":8,"column_end":20,"is_primary":false,"text":[{"text":"    fn next_element<T>(&mut self) -> Result<Option<T>, Self::Error>","highlight_start":8,"highlight_end":20}],"label":"required by a bound in this associated function","suggested_replacement":null,"suggestion_applicability":null,"expansion":null},{"file_name":"/home/hyper/.cargo/registry/src/index.crates.io-1949cf8c6b5b557f/serde_core-1.0.228/src/de/mod.rs","byte_start":63990,"byte_end":64006,"line_start":1771,"line_end":1771,"column_start":12,"column_end":28,"is_primary":true,"text":[{"text":"        T: Deserialize<'de>,","highlight_start":12,"highlight_end":28}],"label":"required by this bound in `SeqAccess::next_element`","suggested_replacement":null,"suggestion_applicability":null,"expansion":null}],"children":[],"rendered":null}],"rendered":"\u001b[1m\u001b[91merror[E0277]\u001b[0m\u001b[1m: the trait bound `Uuid: serde::Deserialize<'de>` is not satisfied\u001b[0m\n    \u001b[1m\u001b[94m--> \u001b[0msrc/state.rs:61:13\n     \u001b[1m\u001b[94m|\u001b[0m\n\u001b[1m\u001b[94m  61\u001b[0m \u001b[1m\u001b[94m|\u001b[0m     pub id: Uuid,\n     \u001b[1m\u001b[94m|\u001b[0m             \u001b[1m\u001b[91m^^^^\u001b[0m \u001b[1m\u001b[91mthe trait `Deserialize<'_>` is not implemented for `Uuid`\u001b[0m\n     \u001b[1m\u001b[94m|\u001b[0m\n     \u001b[1m\u001b[94m= \u001b[0m\u001b[1mnote\u001b[0m: for local types consider adding `#[derive(serde::Deserialize)]` to your `Uuid` type\n     \u001b[1m\u001b[94m= \u001b[0m\u001b[1mnote\u001b[0m: for types from other crates check whether the crate offers a `serde` feature flag\n     \u001b[1m\u001b[94m= \u001b[0m\u001b[1mhelp\u001b[0m: the following other types implement trait `Deserialize<'de>`:\n               &'a Path\n               &'a [u8]\n               &'a str\n               ()\n               (T,)\n               (T0, T1)\n               (T0, T1, T2)\n               (T0, T1, T2, T3)\n             and 158 others\n\u001b[1m\u001b[92mnote\u001b[0m: required by a bound in `next_element`\n    \u001b[1m\u001b[94m--> \u001b[0m/home/hyper/.cargo/registry/src/index.crates.io-1949cf8c6b5b557f/serde_core-1.0.228/src/de/mod.rs:1771:12\n     \u001b[1m\u001b[94m|\u001b[0m\n\u001b[1m\u001b[94m1769\u001b[0m \u001b[1m\u001b[94m|\u001b[0m     fn next_element<T>(&mut self) -> Result<Option<T>, Self::Error>\n     \u001b[1m\u001b[94m|\u001b[0m        \u001b[1m\u001b[94m------------\u001b[0m \u001b[1m\u001b[94mrequired by a bound in this associated function\u001b[0m\n\u001b[1m\u001b[94m1770\u001b[0m \u001b[1m\u001b[94m|\u001b[0m     where\n\u001b[1m\u001b[94m1771\u001b[0m \u001b[1m\u001b[94m|\u001b[0m         T: Deserialize<'de>,\n     \u001b[1m\u001b[94m|\u001b[0m            \u001b[1m\u001b[92m^^^^^^^^^^^^^^^^\u001b[0m \u001b[1m\u001b[92mrequired by this bound in `SeqAccess::next_element`\u001b[0m\n\n"}
{"$message_type":"diagnostic","message":"the trait bound `Uuid: serde::Deserialize<'de>` is not satisfied","code":{"code":"E0277","explanation":"You tried to use a type which doesn't implement some trait in a place which\nexpected that trait.\n\nErroneous code example:\n\n```compile_fail,E0277\n// here we declare the Foo trait with a bar method\ntrait Foo {\n    fn bar(&self);\n}\n\n// we now declare a function which takes an object implementing the Foo trait\nfn some_func<T: Foo>(foo: T) {\n    foo.bar();\n}\n\nfn main() {\n    // we now call the method with the i32 type, which doesn't implement\n    // the Foo trait\n    some_func(5i32); // error: the trait bound `i32 : Foo` is not satisfied\n}\n```\n\nIn order to fix this error, verify that the type you're using does implement\nthe trait. Example:\n\n```\ntrait Foo {\n    fn bar(&self);\n}\n\n// we implement the trait on the i32 type\nimpl Foo for i32 {\n    fn bar(&self) {}\n}\n\nfn some_func<T: Foo>(foo: T) {\n    foo.bar(); // we can now use this method since i32 implements the\n               // Foo trait\n}\n\nfn main() {\n    some_func(5i32); // ok!\n}\n```\n\nOr in a generic context, an erroneous code example would look like:\n\n```compile_fail,E0277\nfn some_func<T>(foo: T) {\n    println!(\"{:?}\", foo); // error: the trait `core::fmt::Debug` is not\n                           //        implemented for the type `T`\n}\n\nfn main() {\n    // We now call the method with the i32 type,\n    // which *does* implement the Debug trait.\n    some_func(5i32);\n}\n```\n\nNote that the error here is in the definition of the generic function. Although\nwe only call it with a parameter that does implement `Debug`, the compiler\nstill rejects the function. It must work with all possible input types. In\norder to make this example compile, we need to restrict the generic type we're\naccepting:\n\n```\nuse std::fmt;\n\n// Restrict the input type to types that implement Debug.\nfn some_func<T: fmt::Debug>(foo: T) {\n    println!(\"{:?}\", foo);\n}\n\nfn main() {\n    // Calling the method is still fine, as i32 implements Debug.\n    some_func(5i32);\n\n    // This would fail to compile now:\n    // struct WithoutDebug;\n    // some_func(WithoutDebug);\n}\n```\n\nRust only looks at the signature of the called function, as such it must\nalready specify all requirements that will be used for every type parameter.\n"},"level":"error","spans":[{"file_name":"src/state.rs","byte_start":2206,"byte_end":2218,"line_start":73,"line_end":73,"column_start":25,"column_end":37,"is_primary":true,"text":[{"text":"    pub transaction_id: Option<Uuid>,","highlight_start":25,"highlight_end":37}],"label":"the trait `Deserialize<'_>` is not implemented for `Uuid`","suggested_replacement":null,"suggestion_applicability":null,"expansion":null}],"children":[{"message":"for local types consider adding `#[derive(serde::Deserialize)]` to your `Uuid` type","code":null,"level":"note","spans":[],"children":[],"rendered":null},{"message":"for types from other crates check whether the crate offers a `serde` feature flag","code":null,"level":"note","spans":[],"children":[],"rendered":null},{"message":"the following other types implement trait `Deserialize<'de>`:\n  &'a Path\n  &'a [u8]\n  &'a str\n  ()\n  (T,)\n  (T0, T1)\n  (T0, T1, T2)\n  (T0, T1, T2, T3)\nand 158 others","code":null,"level":"help","spans":[],"children":[],"rendered":null},{"message":"required for `std::option::Option<Uuid>` to implement `Deserialize<'_>`","code":null,"level":"note","spans":[],"children":[],"rendered":null},{"message":"required by a bound in `next_element`","code":null,"level":"note","spans":[{"file_name":"/home/hyper/.cargo/registry/src/index.crates.io-1949cf8c6b5b557f/serde_core-1.0.228/src/de/mod.rs","byte_start":63908,"byte_end":63920,"line_start":1769,"line_end":1769,"column_start":8,"column_end":20,"is_primary":false,"text":[{"text":"    fn next_element<T>(&mut self) -> Result<Option<T>, Self::Error>","highlight_start":8,"highlight_end":20}],"label":"required by a bound in this associated function","suggested_replacement":null,"suggestion_applicability":null,"expansion":null},{"file_name":"/home/hyper/.cargo/registry/src/index.crates.io-1949cf8c6b5b557f/serde_core-1.0.228/src/de/mod.rs","byte_start":63990,"byte_end":64006,"line_start":1771,"line_end":1771,"column_start":12,"column_end":28,"is_primary":true,"text":[{"text":"        T: Deserialize<'de>,","highlight_start":12,"highlight_end":28}],"label":"required by this bound in `SeqAccess::next_element`","suggested_replacement":null,"suggestion_applicability":null,"expansion":null}],"children":[],"rendered":null}],"rendered":"\u001b[1m\u001b[91merror[E0277]\u001b[0m\u001b[1m: the trait bound `Uuid: serde::Deserialize<'de>` is not satisfied\u001b[0m\n    \u001b[1m\u001b[94m--> \u001b[0msrc/state.rs:73:25\n     \u001b[1m\u001b[94m|\u001b[0m\n\u001b[1m\u001b[94m  73\u001b[0m \u001b[1m\u001b[94m|\u001b[0m     pub transaction_id: Option<Uuid>,\n     \u001b[1m\u001b[94m|\u001b[0m                         \u001b[1m\u001b[91m^^^^^^^^^^^^\u001b[0m \u001b[1m\u001b[91mthe trait `Deserialize<'_>` is not implemented for `Uuid`\u001b[0m\n     \u001b[1m\u001b[94m|\u001b[0m\n     \u001b[1m\u001b[94m= \u001b[0m\u001b[1mnote\u001b[0m: for local types consider adding `#[derive(serde::Deserialize)]` to your `Uuid` type\n     \u001b[1m\u001b[94m= \u001b[0m\u001b[1mnote\u001b[0m: for types from other crates check whether the crate offers a `serde` feature flag\n     \u001b[1m\u001b[94m= \u001b[0m\u001b[1mhelp\u001b[0m: the following other types implement trait `Deserialize<'de>`:\n               &'a Path\n               &'a [u8]\n               &'a str\n               ()\n               (T,)\n               (T0, T1)\n               (T0, T1, T2)\n               (T0, T1, T2, T3)\n             and 158 others\n     \u001b[1m\u001b[94m= \u001b[0m\u001b[1mnote\u001b[0m: required for `std::option::Option<Uuid>` to implement `Deserialize<'_>`\n\u001b[1m\u001b[92mnote\u001b[0m: required by a bound in `next_element`\n    \u001b[1m\u001b[94m--> \u001b[0m/home/hyper/.cargo/registry/src/index.crates.io-1949cf8c6b5b557f/serde_core-1.0.228/src/de/mod.rs:1771:12\n     \u001b[1m\u001b[94m|\u001b[0m\n\u001b[1m\u001b[94m1769\u001b[0m \u001b[1m\u001b[94m|\u001b[0m     fn next_element<T>(&mut self) -> Result<Option<T>, Self::Error>\n     \u001b[1m\u001b[94m|\u001b[0m        \u001b[1m\u001b[94m------------\u001b[0m \u001b[1m\u001b[94mrequired by a bound in this associated function\u001b[0m\n\u001b[1m\u001b[94m1770\u001b[0m \u001b[1m\u001b[94m|\u001b[0m     where\n\u001b[1m\u001b[94m1771\u001b[0m \u001b[1m\u001b[94m|\u001b[0m         T: Deserialize<'de>,\n     \u001b[1m\u001b[94m|\u001b[0m            \u001b[1m\u001b[92m^^^^^^^^^^^^^^^^\u001b[0m \u001b[1m\u001b[92mrequired by this bound in `SeqAccess::next_element`\u001b[0m\n\n"}
{"$message_type":"diagnostic","message":"the trait bound `Uuid: serde::Deserialize<'de>` is not satisfied","code":{"code":"E0277","explanation":"You tried to use a type which doesn't implement some trait in a place which\nexpected that trait.\n\nErroneous code example:\n\n```compile_fail,E0277\n// here we declare the Foo trait with a bar method\ntrait Foo {\n    fn bar(&self);\n}\n\n// we now declare a function which takes an object implementing the Foo trait\nfn some_func<T: Foo>(foo: T) {\n    foo.bar();\n}\n\nfn main() {\n    // we now call the method with the i32 type, which doesn't implement\n    // the Foo trait\n    some_func(5i32); // error: the trait bound `i32 : Foo` is not satisfied\n}\n```\n\nIn order to fix this error, verify that the type you're using does implement\nthe trait. Example:\n\n```\ntrait Foo {\n    fn bar(&self);\n}\n\n// we implement the trait on the i32 type\nimpl Foo for i32 {\n    fn bar(&self) {}\n}\n\nfn some_func<T: Foo>(foo: T) {\n    foo.bar(); // we can now use this method since i32 implements the\n               // Foo trait\n}\n\nfn main() {\n    some_func(5i32); // ok!\n}\n```\n\nOr in a generic context, an erroneous code example would look like:\n\n```compile_fail,E0277\nfn some_func<T>(foo: T) {\n    println!(\"{:?}\", foo); // error: the trait `core::fmt::Debug` is not\n                           //        implemented for the type `T`\n}\n\nfn main() {\n    // We now call the method with the i32 type,\n    // which *does* implement the Debug trait.\n    some_func(5i32);\n}\n```\n\nNote that the error here is in the definition of the generic function. Although\nwe only call it with a parameter that does implement `Debug`, the compiler\nstill rejects the function. It must work with all possible input types. In\norder to make this example compile, we need to restrict the generic type we're\naccepting:\n\n```\nuse std::fmt;\n\n// Restrict the input type to types that implement Debug.\nfn some_func<T: fmt::Debug>(foo: T) {\n    println!(\"{:?}\", foo);\n}\n\nfn main() {\n    // Calling the method is still fine, as i32 implements Debug.\n    some_func(5i32);\n\n    // This would fail to compile now:\n    // struct WithoutDebug;\n    // some_func(WithoutDebug);\n}\n```\n\nRust only looks at the signature of the called function, as such it must\nalready specify all requirements that will be used for every type parameter.\n"},"level":"error","spans":[{"file_name":"src/state.rs","byte_start":2465,"byte_end":2477,"line_start":82,"line_end":82,"column_start":20,"column_end":32,"is_primary":true,"text":[{"text":"    pub undone_by: Option<Uuid>,","highlight_start":20,"highlight_end":32}],"label":"the trait `Deserialize<'_>` is not implemented for `Uuid`","suggested_replacement":null,"suggestion_applicability":null,"expansion":null}],"children":[{"message":"for local types consider adding `#[derive(serde::Deserialize)]` to your `Uuid` type","code":null,"level":"note","spans":[],"children":[],"rendered":null},{"message":"for types from other crates check whether the crate offers a `serde` feature flag","code":null,"level":"note","spans":[],"children":[],"rendered":null},{"message":"the following other types implement trait `Deserialize<'de>`:\n  &'a Path\n  &'a [u8]\n  &'a str\n  ()\n  (T,)\n  (T0, T1)\n  (T0, T1, T2)\n  (T0, T1, T2, T3)\nand 158 others","code":null,"level":"help","spans":[],"children":[],"rendered":null},{"message":"required for `std::option::Option<Uuid>` to implement `Deserialize<'_>`","code":null,"level":"note","spans":[],"children":[],"rendered":null},{"message":"required by a bound in `next_element`","code":null,"level":"note","spans":[{"file_name":"/home/hyper/.cargo/registry/src/index.crates.io-1949cf8c6b5b557f/serde_core-1.0.228/src/de/mod.rs","byte_start":63908,"byte_end":63920,"line_start":1769,"line_end":1769,"column_start":8,"column_end":20,"is_primary":false,"text":[{"text":"    fn next_element<T>(&mut self) -> Result<Option<T>, Self::Error>","highlight_start":8,"highlight_end":20}],"label":"required by a bound in this associated function","suggested_replacement":null,"suggestion_applicability":null,"expansion":null},{"file_name":"/home/hyper/.cargo/registry/src/index.crates.io-1949cf8c6b5b557f/serde_core-1.0.228/src/de/mod.rs","byte_start":63990,"byte_end":64006,"line_start":1771,"line_end":1771,"column_start":12,"column_end":28,"is_primary":true,"text":[{"text":"        T: Deserialize<'de>,","highlight_start":12,"highlight_end":28}],"label":"required by this bound in `SeqAccess::next_element`","suggested_replacement":null,"suggestion_applicability":null,"expansion":null}],"children":[],"rendered":null}],"rendered":"\u001b[1m\u001b[91merror[E0277]\u001b[0m\u001b[1m: the trait bound `Uuid: serde::Deserialize<'de>` is not satisfied\u001b[0m\n    \u001b[1m\u001b[94m--> \u001b[0msrc/state.rs:82:20\n     \u001b[1m\u001b[94m|\u001b[0m\n\u001b[1m\u001b[94m  82\u001b[0m \u001b[1m\u001b[94m|\u001b[0m     pub undone_by: Option<Uuid>,\n     \u001b[1m\u001b[94m|\u001b[0m                    \u001b[1m\u001b[91m^^^^^^^^^^^^\u001b[0m \u001b[1m\u001b[91mthe trait `Deserialize<'_>` is not implemented for `Uuid`\u001b[0m\n     \u001b[1m\u001b[94m|\u001b[0m\n     \u001b[1m\u001b[94m= \u001b[0m\u001b[1mnote\u001b[0m: for local types consider adding `#[derive(serde::Deserialize)]` to your `Uuid` type\n     \u001b[1m\u001b[94m= \u001b[0m\u001b[1mnote\u001b[0m: for types from other crates check whether the crate offers a `serde` feature flag\n     \u001b[1m\u001b[94m= \u001b[0m\u001b[1mhelp\u001b[0m: the following other types implement trait `Deserialize<'de>`:\n               &'a Path\n               &'a [u8]\n               &'a str\n               ()\n               (T,)\n               (T0, T1)\n               (T0, T1, T2)\n               (T0, T1, T2, T3)\n             and 158 others\n     \u001b[1m\u001b[94m= \u001b[0m\u001b[1mnote\u001b[0m: required for `std::option::Option<Uuid>` to implement `Deserialize<'_>`\n\u001b[1m\u001b[92mnote\u001b[0m: required by a bound in `next_element`\n    \u001b[1m\u001b[94m--> \u001b[0m/home/hyper/.cargo/registry/src/index.crates.io-1949cf8c6b5b557f/serde_core-1.0.228/src/de/mod.rs:1771:12\n     \u001b[1m\u001b[94m|\u001b[0m\n\u001b[1m\u001b[94m1769\u001b[0m \u001b[1m\u001b[94m|\u001b[0m     fn next_element<T>(&mut self) -> Result<Option<T>, Self::Error>\n     \u001b[1m\u001b[94m|\u001b[0m        \u001b[1m\u001b[94m------------\u001b[0m \u001b[1m\u001b[94mrequired by a bound in this associated function\u001b[0m\n\u001b[1m\u001b[94m1770\u001b[0m \u001b[1m\u001b[94m|\u001b[0m     where\n\u001b[1m\u001b[94m1771\u001b[0m \u001b[1m\u001b[94m|\u001b[0m         T: Deserialize<'de>,\n     \u001b[1m\u001b[94m|\u001b[0m            \u001b[1m\u001b[92m^^^^^^^^^^^^^^^^\u001b[0m \u001b[1m\u001b[92mrequired by this bound in `SeqAccess::next_element`\u001b[0m\n\n"}
{"$message_type":"diagnostic","message":"the trait bound `Uuid: serde::Deserialize<'de>` is not satisfied","code":{"code":"E0277","explanation":"You tried to use a type which doesn't implement some trait in a place which\nexpected that trait.\n\nErroneous code example:\n\n```compile_fail,E0277\n// here we declare the Foo trait with a bar method\ntrait Foo {\n    fn bar(&self);\n}\n\n// we now declare a function which takes an object implementing the Foo trait\nfn some_func<T: Foo>(foo: T) {\n    foo.bar();\n}\n\nfn main() {\n    // we now call the method with the i32 type, which doesn't implement\n    // the Foo trait\n    some_func(5i32); // error: the trait bound `i32 : Foo` is not satisfied\n}\n```\n\nIn order to fix this error, verify that the type you're using does implement\nthe trait. Example:\n\n```\ntrait Foo {\n    fn bar(&self);\n}\n\n// we implement the trait on the i32 type\nimpl Foo for i32 {\n    fn bar(&self) {}\n}\n\nfn some_func<T: Foo>(foo: T) {\n    foo.bar(); // we can now use this method since i32 implements the\n               // Foo trait\n}\n\nfn main() {\n    some_func(5i32); // ok!\n}\n```\n\nOr in a generic context, an erroneous code example would look like:\n\n```compile_fail,E0277\nfn some_func<T>(foo: T) {\n    println!(\"{:?}\", foo); // error: the trait `core::fmt::Debug` is not\n                           //        implemented for the type `T`\n}\n\nfn main() {\n    // We now call the method with the i32 type,\n    // which *does* implement the Debug trait.\n    some_func(5i32);\n}\n```\n\nNote that the error here is in the definition of the generic function. Although\nwe only call it with a parameter that does implement `Debug`, the compiler\nstill rejects the function. It must work with all possible input types. In\norder to make this example compile, we need to restrict the generic type we're\naccepting:\n\n```\nuse std::fmt;\n\n// Restrict the input type to types that implement Debug.\nfn some_func<T: fmt::Debug>(foo: T) {\n    println!(\"{:?}\", foo);\n}\n\nfn main() {\n    // Calling the method is still fine, as i32 implements Debug.\n    some_func(5i32);\n\n    // This would fail to compile now:\n    // struct WithoutDebug;\n    // some_func(WithoutDebug);\n}\n```\n\nRust only looks at the signature of the called function, as such it must\nalready specify all requirements that will be used for every type parameter.\n"},"level":"error","spans":[{"file_name":"src/state.rs","byte_start":1967,"byte_end":1971,"line_start":61,"line_end":61,"column_start":13,"column_end":17,"is_primary":true,"text":[{"text":"    pub id: Uuid,","highlight_start":13,"highlight_end":17}],"label":"the trait `Deserialize<'_>` is not implemented for `Uuid`","suggested_replacement":null,"suggestion_applicability":null,"expansion":null}],"children":[{"message":"for local types consider adding `#[derive(serde::Deserialize)]` to your `Uuid` type","code":null,"level":"note","spans":[],"children":[],"rendered":null},{"message":"for types from other crates check whether the crate offers a `serde` feature flag","code":null,"level":"note","spans":[],"children":[],"rendered":null},{"message":"the following other types implement trait `Deserialize<'de>`:\n  &'a Path\n  &'a [u8]\n  &'a str\n  ()\n  (T,)\n  (T0, T1)\n  (T0, T1, T2)\n  (T0, T1, T2, T3)\nand 158 others","code":null,"level":"help","spans":[],"children":[],"rendered":null},{"message":"required by a bound in `next_value`","code":null,"level":"note","spans":[{"file_name":"/home/hyper/.cargo/registry/src/index.crates.io-1949cf8c6b5b557f/serde_core-1.0.228/src/de/mod.rs","byte_start":68496,"byte_end":68506,"line_start":1914,"line_end":1914,"column_start":8,"column_end":18,"is_primary":false,"text":[{"text":"    fn next_value<V>(&mut self) -> Result<V, Self::Error>","highlight_start":8,"highlight_end":18}],"label":"required by a bound in this associated function","suggested_replacement":null,"suggestion_applicability":null,"expansion":null},{"file_name":"/home/hyper/.cargo/registry/src/index.crates.io-1949cf8c6b5b557f/serde_core-1.0.228/src/de/mod.rs","byte_start":68568,"byte_end":68584,"line_start":1916,"line_end":1916,"column_start":12,"column_end":28,"is_primary":true,"text":[{"text":"        V: Deserialize<'de>,","highlight_start":12,"highlight_end":28}],"label":"required by this bound in `MapAccess::next_value`","suggested_replacement":null,"suggestion_applicability":null,"expansion":null}],"children":[],"rendered":null}],"rendered":"\u001b[1m\u001b[91merror[E0277]\u001b[0m\u001b[1m: the trait bound `Uuid: serde::Deserialize<'de>` is not satisfied\u001b[0m\n    \u001b[1m\u001b[94m--> \u001b[0msrc/state.rs:61:13\n     \u001b[1m\u001b[94m|\u001b[0m\n\u001b[1m\u001b[94m  61\u001b[0m \u001b[1m\u001b[94m|\u001b[0m     pub id: Uuid,\n     \u001b[1m\u001b[94m|\u001b[0m             \u001b[1m\u001b[91m^^^^\u001b[0m \u001b[1m\u001b[91mthe trait `Deserialize<'_>` is not implemented for `Uuid`\u001b[0m\n     \u001b[1m\u001b[94m|\u001b[0m\n     \u001b[1m\u001b[94m= \u001b[0m\u001b[1mnote\u001b[0m: for local types consider adding `#[derive(serde::Deserialize)]` to your `Uuid` type\n     \u001b[1m\u001b[94m= \u001b[0m\u001b[1mnote\u001b[0m: for types from other crates check whether the crate offers a `serde` feature flag\n     \u001b[1m\u001b[94m= \u001b[0m\u001b[1mhelp\u001b[0m: the following other types implement trait `Deserialize<'de>`:\n               &'a Path\n               &'a [u8]\n               &'a str\n               ()\n               (T,)\n               (T0, T1)\n               (T0, T1, T2)\n               (T0, T1, T2, T3)\n             and 158 others\n\u001b[1m\u001b[92mnote\u001b[0m: required by a bound in `next_value`\n    \u001b[1m\u001b[94m--> \u001b[0m/home/hyper/.cargo/registry/src/index.crates.io-1949cf8c6b5b557f/serde_core-1.0.228/src/de/mod.rs:1916:12\n     \u001b[1m\u001b[94m|\u001b[0m\n\u001b[1m\u001b[94m1914\u001b[0m \u001b[1m\u001b[94m|\u001b[0m     fn next_value<V>(&mut self) -> Result<V, Self::Error>\n     \u001b[1m\u001b[94m|\u001b[0m        \u001b[1m\u001b[94m----------\u001b[0m \u001b[1m\u001b[94mrequired by a bound in this associated function\u001b[0m\n\u001b[1m\u001b[94m1915\u001b[0m \u001b[1m\u001b[94m|\u001b[0m     where\n\u001b[1m\u001b[94m1916\u001b[0m \u001b[1m\u001b[94m|\u001b[0m         V: Deserialize<'de>,\n     \u001b[1m\u001b[94m|\u001b[0m            \u001b[1m\u001b[92m^^^^^^^^^^^^^^^^\u001b[0m \u001b[1m\u001b[92mrequired by this bound in `MapAccess::next_value`\u001b[0m\n\n"}
{"$message_type":"diagnostic","message":"the trait bound `Uuid: serde::Deserialize<'de>` is not satisfied","code":{"code":"E0277","explanation":"You tried to use a type which doesn't implement some trait in a place which\nexpected that trait.\n\nErroneous code example:\n\n```compile_fail,E0277\n// here we declare the Foo trait with a bar method\ntrait Foo {\n    fn bar(&self);\n}\n\n// we now declare a function which takes an object implementing the Foo trait\nfn some_func<T: Foo>(foo: T) {\n    foo.bar();\n}\n\nfn main() {\n    // we now call the method with the i32 type, which doesn't implement\n    // the Foo trait\n    some_func(5i32); // error: the trait bound `i32 : Foo` is not satisfied\n}\n```\n\nIn order to fix this error, verify that the type you're using does implement\nthe trait. Example:\n\n```\ntrait Foo {\n    fn bar(&self);\n}\n\n// we implement the trait on the i32 type\nimpl Foo for i32 {\n    fn bar(&self) {}\n}\n\nfn some_func<T: Foo>(foo: T) {\n    foo.bar(); // we can now use this method since i32 implements the\n               // Foo trait\n}\n\nfn main() {\n    some_func(5i32); // ok!\n}\n```\n\nOr in a generic context, an erroneous code example would look like:\n\n```compile_fail,E0277\nfn some_func<T>(foo: T) {\n    println!(\"{:?}\", foo); // error: the trait `core::fmt::Debug` is not\n                           //        implemented for the type `T`\n}\n\nfn main() {\n    // We now call the method with the i32 type,\n    // which *does* implement the Debug trait.\n    some_func(5i32);\n}\n```\n\nNote that the error here is in the definition of the generic function. Although\nwe only call it with a parameter that does implement `Debug`, the compiler\nstill rejects the function. It must work with all possible input types. In\norder to make this example compile, we need to restrict the generic type we're\naccepting:\n\n```\nuse std::fmt;\n\n// Restrict the input type to types that implement Debug.\nfn some_func<T: fmt::Debug>(foo: T) {\n    println!(\"{:?}\", foo);\n}\n\nfn main() {\n    // Calling the method is still fine, as i32 implements Debug.\n    some_func(5i32);\n\n    // This would fail to compile now:\n    // struct WithoutDebug;\n    // some_func(WithoutDebug);\n}\n```\n\nRust only looks at the signature of the called function, as such it must\nalready specify all requirements that will be used for every type parameter.\n"},"level":"error","spans":[{"file_name":"src/state.rs","byte_start":2206,"byte_end":2218,"line_start":73,"line_end":73,"column_start":25,"column_end":37,"is_primary":true,"text":[{"text":"    pub transaction_id: Option<Uuid>,","highlight_start":25,"highlight_end":37}],"label":"the trait `Deserialize<'_>` is not implemented for `Uuid`","suggested_replacement":null,"suggestion_applicability":null,"expansion":null}],"children":[{"message":"for local types consider adding `#[derive(serde::Deserialize)]` to your `Uuid` type","code":null,"level":"note","spans":[],"children":[],"rendered":null},{"message":"for types from other crates check whether the crate offers a `serde` feature flag","code":null,"level":"note","spans":[],"children":[],"rendered":null},{"message":"the following other types implement trait `Deserialize<'de>`:\n  &'a Path\n  &'a [u8]\n  &'a str\n  ()\n  (T,)\n  (T0, T1)\n  (T0, T1, T2)\n  (T0, T1, T2, T3)\nand 158 others","code":null,"level":"help","spans":[],"children":[],"rendered":null},{"message":"required for `std::option::Option<Uuid>` to implement `Deserialize<'_>`","code":null,"level":"note","spans":[],"children":[],"rendered":null},{"message":"required by a bound in `next_value`","code":null,"level":"note","spans":[{"file_name":"/home/hyper/.cargo/registry/src/index.crates.io-1949cf8c6b5b557f/serde_core-1.0.228/src/de/mod.rs","byte_start":68496,"byte_end":68506,"line_start":1914,"line_end":1914,"column_start":8,"column_end":18,"is_primary":false,"text":[{"text":"    fn next_value<V>(&mut self) -> Result<V, Self::Error>","highlight_start":8,"highlight_end":18}],"label":"required by a bound in this associated function","suggested_replacement":null,"suggestion_applicability":null,"expansion":null},{"file_name":"/home/hyper/.cargo/registry/src/index.crates.io-1949cf8c6b5b557f/serde_core-1.0.228/src/de/mod.rs","byte_start":68568,"byte_end":68584,"line_start":1916,"line_end":1916,"column_start":12,"column_end":28,"is_primary":true,"text":[{"text":"        V: Deserialize<'de>,","highlight_start":12,"highlight_end":28}],"label":"required by this bound in `MapAccess::next_value`","suggested_replacement":null,"suggestion_applicability":null,"expansion":null}],"children":[],"rendered":null}],"rendered":"\u001b[1m\u001b[91merror[E0277]\u001b[0m\u001b[1m: the trait bound `Uuid: serde::Deserialize<'de>` is not satisfied\u001b[0m\n    \u001b[1m\u001b[94m--> \u001b[0msrc/state.rs:73:25\n     \u001b[1m\u001b[94m|\u001b[0m\n\u001b[1m\u001b[94m  73\u001b[0m \u001b[1m\u001b[94m|\u001b[0m     pub transaction_id: Option<Uuid>,\n     \u001b[1m\u001b[94m|\u001b[0m                         \u001b[1m\u001b[91m^^^^^^^^^^^^\u001b[0m \u001b[1m\u001b[91mthe trait `Deserialize<'_>` is not implemented for `Uuid`\u001b[0m\n     \u001b[1m\u001b[94m|\u001b[0m\n     \u001b[1m\u001b[94m= \u001b[0m\u001b[1mnote\u001b[0m: for local types consider adding `#[derive(serde::Deserialize)]` to your `Uuid` type\n     \u001b[1m\u001b[94m= \u001b[0m\u001b[1mnote\u001b[0m: for types from other crates check whether the crate offers a `serde` feature flag\n     \u001b[1m\u001b[94m= \u001b[0m\u001b[1mhelp\u001b[0m: the following other types implement trait `Deserialize<'de>`:\n               &'a Path\n               &'a [u8]\n               &'a str\n               ()\n               (T,)\n               (T0, T1)\n               (T0, T1, T2)\n               (T0, T1, T2, T3)\n             and 158 others\n     \u001b[1m\u001b[94m= \u001b[0m\u001b[1mnote\u001b[0m: required for `std::option::Option<Uuid>` to implement `Deserialize<'_>`\n\u001b[1m\u001b[92mnote\u001b[0m: required by a bound in `next_value`\n    \u001b[1m\u001b[94m--> \u001b[0m/home/hyper/.cargo/registry/src/index.crates.io-1949cf8c6b5b557f/serde_core-1.0.228/src/de/mod.rs:1916:12\n     \u001b[1m\u001b[94m|\u001b[0m\n\u001b[1m\u001b[94m1914\u001b[0m \u001b[1m\u001b[94m|\u001b[0m     fn next_value<V>(&mut self) -> Result<V, Self::Error>\n     \u001b[1m\u001b[94m|\u001b[0m        \u001b[1m\u001b[94m----------\u001b[0m \u001b[1m\u001b[94mrequired by a bound in this associated function\u001b[0m\n\u001b[1m\u001b[94m1915\u001b[0m \u001b[1m\u001b[94m|\u001b[0m     where\n\u001b[1m\u001b[94m1916\u001b[0m \u001b[1m\u001b[94m|\u001b[0m         V: Deserialize<'de>,\n     \u001b[1m\u001b[94m|\u001b[0m            \u001b[1m\u001b[92m^^^^^^^^^^^^^^^^\u001b[0m \u001b[1m\u001b[92mrequired by this bound in `MapAccess::next_value`\u001b[0m\n\n"}
{"$message_type":"diagnostic","message":"the trait bound `Uuid: serde::Deserialize<'de>` is not satisfied","code":{"code":"E0277","explanation":"You tried to use a type which doesn't implement some trait in a place which\nexpected that trait.\n\nErroneous code example:\n\n```compile_fail,E0277\n// here we declare the Foo trait with a bar method\ntrait Foo {\n    fn bar(&self);\n}\n\n// we now declare a function which takes an object implementing the Foo trait\nfn some_func<T: Foo>(foo: T) {\n    foo.bar();\n}\n\nfn main() {\n    // we now call the method with the i32 type, which doesn't implement\n    // the Foo trait\n    some_func(5i32); // error: the trait bound `i32 : Foo` is not satisfied\n}\n```\n\nIn order to fix this error, verify that the type you're using does implement\nthe trait. Example:\n\n```\ntrait Foo {\n    fn bar(&self);\n}\n\n// we implement the trait on the i32 type\nimpl Foo for i32 {\n    fn bar(&self) {}\n}\n\nfn some_func<T: Foo>(foo: T) {\n    foo.bar(); // we can now use this method since i32 implements the\n               // Foo trait\n}\n\nfn main() {\n    some_func(5i32); // ok!\n}\n```\n\nOr in a generic context, an erroneous code example would look like:\n\n```compile_fail,E0277\nfn some_func<T>(foo: T) {\n    println!(\"{:?}\", foo); // error: the trait `core::fmt::Debug` is not\n                           //        implemented for the type `T`\n}\n\nfn main() {\n    // We now call the method with the i32 type,\n    // which *does* implement the Debug trait.\n    some_func(5i32);\n}\n```\n\nNote that the error here is in the definition of the generic function. Although\nwe only call it with a parameter that does implement `Debug`, the compiler\nstill rejects the function. It must work with all possible input types. In\norder to make this example compile, we need to restrict the generic type we're\naccepting:\n\n```\nuse std::fmt;\n\n// Restrict the input type to types that implement Debug.\nfn some_func<T: fmt::Debug>(foo: T) {\n    println!(\"{:?}\", foo);\n}\n\nfn main() {\n    // Calling the method is still fine, as i32 implements Debug.\n    some_func(5i32);\n\n    // This would fail to compile now:\n    // struct WithoutDebug;\n    // some_func(WithoutDebug);\n}\n```\n\nRust only looks at the signature of the called function, as such it must\nalready specify all requirements that will be used for every type parameter.\n"},"level":"error","spans":[{"file_name":"src/state.rs","byte_start":2465,"byte_end":2477,"line_start":82,"line_end":82,"column_start":20,"column_end":32,"is_primary":true,"text":[{"text":"    pub undone_by: Option<Uuid>,","highlight_start":20,"highlight_end":32}],"label":"the trait `Deserialize<'_>` is not implemented for `Uuid`","suggested_replacement":null,"suggestion_applicability":null,"expansion":null}],"children":[{"message":"for local types consider adding `#[derive(serde::Deserialize)]` to your `Uuid` type","code":null,"level":"note","spans":[],"children":[],"rendered":null},{"message":"for types from other crates check whether the crate offers a `serde` feature flag","code":null,"level":"note","spans":[],"children":[],"rendered":null},{"message":"the following other types implement trait `Deserialize<'de>`:\n  &'a Path\n  &'a [u8]\n  &'a str\n  ()\n  (T,)\n  (T0, T1)\n  (T0, T1, T2)\n  (T0, T1, T2, T3)\nand 158 others","code":null,"level":"help","spans":[],"children":[],"rendered":null},{"message":"required for `std::option::Option<Uuid>` to implement `Deserialize<'_>`","code":null,"level":"note","spans":[],"children":[],"rendered":null},{"message":"required by a bound in `next_value`","code":null,"level":"note","spans":[{"file_name":"/home/hyper/.cargo/registry/src/index.crates.io-1949cf8c6b5b557f/serde_core-1.0.228/src/de/mod.rs","byte_start":68496,"byte_end":68506,"line_start":1914,"line_end":1914,"column_start":8,"column_end":18,"is_primary":false,"text":[{"text":"    fn next_value<V>(&mut self) -> Result<V, Self::Error>","highlight_start":8,"highlight_end":18}],"label":"required by a bound in this associated function","suggested_replacement":null,"suggestion_applicability":null,"expansion":null},{"file_name":"/home/hyper/.cargo/registry/src/index.crates.io-1949cf8c6b5b557f/serde_core-1.0.228/src/de/mod.rs","byte_start":68568,"byte_end":68584,"line_start":1916,"line_end":1916,"column_start":12,"column_end":28,"is_primary":true,"text":[{"text":"        V: Deserialize<'de>,","highlight_start":12,"highlight_end":28}],"label":"required by this bound in `MapAccess::next_value`","suggested_replacement":null,"suggestion_applicability":null,"expansion":null}],"children":[],"rendered":null}],"rendered":"\u001b[1m\u001b[91merror[E0277]\u001b[0m\u001b[1m: the trait bound `Uuid: serde::Deserialize<'de>` is not satisfied\u001b[0m\n    \u001b[1m\u001b[94m--> \u001b[0msrc/state.rs:82:20\n     \u001b[1m\u001b[94m|\u001b[0m\n\u001b[1m\u001b[94m  82\u001b[0m \u001b[1m\u001b[94m|\u001b[0m     pub undone_by: Option<Uuid>,\n     \u001b[1m\u001b[94m|\u001b[0m                    \u001b[1m\u001b[91m^^^^^^^^^^^^\u001b[0m \u001b[1m\u001b[91mthe trait `Deserialize<'_>` is not implemented for `Uuid`\u001b[0m\n     \u001b[1m\u001b[94m|\u001b[0m\n     \u001b[1m\u001b[94m= \u001b[0m\u001b[1mnote\u001b[0m: for local types consider adding `#[derive(serde::Deserialize)]` to your `Uuid` type\n     \u001b[1m\u001b[94m= \u001b[0m\u001b[1mnote\u001b[0m: for types from other crates check whether the crate offers a `serde` feature flag\n     \u001b[1m\u001b[94m= \u001b[0m\u001b[1mhelp\u001b[0m: the following other types implement trait `Deserialize<'de>`:\n               &'a Path\n               &'a [u8]\n               &'a str\n               ()\n               (T,)\n               (T0, T1)\n               (T0, T1, T2)\n               (T0, T1, T2, T3)\n             and 158 others\n     \u001b[1m\u001b[94m= \u001b[0m\u001b[1mnote\u001b[0m: required for `std::option::Option<Uuid>` to implement `Deserialize<'_>`\n\u001b[1m\u001b[92mnote\u001b[0m: required by a bound in `next_value`\n    \u001b[1m\u001b[94m--> \u001b[0m/home/hyper/.cargo/registry/src/index.crates.io-1949cf8c6b5b557f/serde_core-1.0.228/src/de/mod.rs:1916:12\n     \u001b[1m\u001b[94m|\u001b[0m\n\u001b[1m\u001b[94m1914\u001b[0m \u001b[1m\u001b[94m|\u001b[0m     fn next_value<V>(&mut self) -> Result<V, Self::Error>\n     \u001b[1m\u001b[94m|\u001b[0m        \u001b[1m\u001b[94m----------\u001b[0m \u001b[1m\u001b[94mrequired by a bound in this associated function\u001b[0m\n\u001b[1m\u001b[94m1915\u001b[0m \u001b[1m\u001b[94m|\u001b[0m     where\n\u001b[1m\u001b[94m1916\u001b[0m \u001b[1m\u001b[94m|\u001b[0m         V: Deserialize<'de>,\n     \u001b[1m\u001b[94m|\u001b[0m            \u001b[1m\u001b[92m^^^^^^^^^^^^^^^^\u001b[0m \u001b[1m\u001b[92mrequired by this bound in `MapAccess::next_value`\u001b[0m\n\n"}
{"$message_type":"diagnostic","message":"the trait bound `Uuid: serde::Deserialize<'de>` is not satisfied","code":{"code":"E0277","explanation":"You tried to use a type which doesn't implement some trait in a place which\nexpected that trait.\n\nErroneous code example:\n\n```compile_fail,E0277\n// here we declare the Foo trait with a bar method\ntrait Foo {\n    fn bar(&self);\n}\n\n// we now declare a function which takes an object implementing the Foo trait\nfn some_func<T: Foo>(foo: T) {\n    foo.bar();\n}\n\nfn main() {\n    // we now call the method with the i32 type, which doesn't implement\n    // the Foo trait\n    some_func(5i32); // error: the trait bound `i32 : Foo` is not satisfied\n}\n```\n\nIn order to fix this error, verify that the type you're using does implement\nthe trait. Example:\n\n```\ntrait Foo {\n    fn bar(&self);\n}\n\n// we implement the trait on the i32 type\nimpl Foo for i32 {\n    fn bar(&self) {}\n}\n\nfn some_func<T: Foo>(foo: T) {\n    foo.bar(); // we can now use this method since i32 implements the\n               // Foo trait\n}\n\nfn main() {\n    some_func(5i32); // ok!\n}\n```\n\nOr in a generic context, an erroneous code example would look like:\n\n```compile_fail,E0277\nfn some_func<T>(foo: T) {\n    println!(\"{:?}\", foo); // error: the trait `core::fmt::Debug` is not\n                           //        implemented for the type `T`\n}\n\nfn main() {\n    // We now call the method with the i32 type,\n    // which *does* implement the Debug trait.\n    some_func(5i32);\n}\n```\n\nNote that the error here is in the definition of the generic function. Although\nwe only call it with a parameter that does implement `Debug`, the compiler\nstill rejects the function. It must work with all possible input types. In\norder to make this example compile, we need to restrict the generic type we're\naccepting:\n\n```\nuse std::fmt;\n\n// Restrict the input type to types that implement Debug.\nfn some_func<T: fmt::Debug>(foo: T) {\n    println!(\"{:?}\", foo);\n}\n\nfn main() {\n    // Calling the method is still fine, as i32 implements Debug.\n    some_func(5i32);\n\n    // This would fail to compile now:\n    // struct WithoutDebug;\n    // some_func(WithoutDebug);\n}\n```\n\nRust only looks at the signature of the called function, as such it must\nalready specify all requirements that will be used for every type parameter.\n"},"level":"error","spans":[{"file_name":"src/state.rs","byte_start":1890,"byte_end":1901,"line_start":58,"line_end":58,"column_start":35,"column_end":46,"is_primary":true,"text":[{"text":"#[derive(Debug, Clone, Serialize, Deserialize)]","highlight_start":35,"highlight_end":46}],"label":"the trait `Deserialize<'_>` is not implemented for `Uuid`","suggested_replacement":null,"suggestion_applicability":null,"expansion":{"span":{"file_name":"src/state.rs","byte_start":1890,"byte_end":1901,"line_start":58,"line_end":58,"column_start":35,"column_end":46,"is_primary":false,"text":[{"text":"#[derive(Debug, Clone, Serialize, Deserialize)]","highlight_start":35,"highlight_end":46}],"label":null,"suggested_replacement":null,"suggestion_applicability":null,"expansion":null},"macro_decl_name":"#[derive(Deserialize)]","def_site_span":{"file_name":"/home/hyper/.cargo/registry/src/index.crates.io-1949cf8c6b5b557f/serde_derive-1.0.228/src/lib.rs","byte_start":3397,"byte_end":3457,"line_start":122,"line_end":122,"column_start":1,"column_end":61,"is_primary":false,"text":[{"text":"pub fn derive_deserialize(input: TokenStream) -> TokenStream {","highlight_start":1,"highlight_end":61}],"label":null,"suggested_replacement":null,"suggestion_applicability":null,"expansion":null}}}],"children":[{"message":"for local types consider adding `#[derive(serde::Deserialize)]` to your `Uuid` type","code":null,"level":"note","spans":[],"children":[],"rendered":null},{"message":"for types from other crates check whether the crate offers a `serde` feature flag","code":null,"level":"note","spans":[],"children":[],"rendered":null},{"message":"the following other types implement trait `Deserialize<'de>`:\n  &'a Path\n  &'a [u8]\n  &'a str\n  ()\n  (T,)\n  (T0, T1)\n  (T0, T1, T2)\n  (T0, T1, T2, T3)\nand 158 others","code":null,"level":"help","spans":[],"children":[],"rendered":null},{"message":"required by a bound in `history::_::_serde::__private228::de::missing_field`","code":null,"level":"note","spans":[{"file_name":"/home/hyper/.cargo/registry/src/index.crates.io-1949cf8c6b5b557f/serde-1.0.228/src/private/de.rs","byte_start":837,"byte_end":850,"line_start":24,"line_end":24,"column_start":8,"column_end":21,"is_primary":false,"text":[{"text":"pub fn missing_field<'de, V, E>(field: &'static str) -> Result<V, E>","highlight_start":8,"highlight_end":21}],"label":"required by a bound in this function","suggested_replacement":null,"suggestion_applicability":null,"expansion":null},{"file_name":"/home/hyper/.cargo/registry/src/index.crates.io-1949cf8c6b5b557f/serde-1.0.228/src/private/de.rs","byte_start":912,"byte_end":928,"line_start":26,"line_end":26,"column_start":8,"column_end":24,"is_primary":true,"text":[{"text":"    V: Deserialize<'de>,","highlight_start":8,"highlight_end":24}],"label":"required by this bound in `missing_field`","suggested_replacement":null,"suggestion_applicability":null,"expansion":null}],"children":[],"rendered":null}],"rendered":"\u001b[1m\u001b[91merror[E0277]\u001b[0m\u001b[1m: the trait bound `Uuid: serde::Deserialize<'de>` is not satisfied\u001b[0m\n  \u001b[1m\u001b[94m--> \u001b[0msrc/state.rs:58:35\n   \u001b[1m\u001b[94m|\u001b[0m\n\u001b[1m\u001b[94m58\u001b[0m \u001b[1m\u001b[94m|\u001b[0m #[derive(Debug, Clone, Serialize, Deserialize)]\n   \u001b[1m\u001b[94m|\u001b[0m                                   \u001b[1m\u001b[91m^^^^^^^^^^^\u001b[0m \u001b[1m\u001b[91mthe trait `Deserialize<'_>` is not implemented for `Uuid`\u001b[0m\n   \u001b[1m\u001b[94m|\u001b[0m\n   \u001b[1m\u001b[94m= \u001b[0m\u001b[1mnote\u001b[0m: for local types consider adding `#[derive(serde::Deserialize)]` to your `Uuid` type\n   \u001b[1m\u001b[94m= \u001b[0m\u001b[1mnote\u001b[0m: for types from other crates check whether the crate offers a `serde` feature flag\n   \u001b[1m\u001b[94m= \u001b[0m\u001b[1mhelp\u001b[0m: the following other types implement trait `Deserialize<'de>`:\n             &'a Path\n             &'a [u8]\n             &'a str\n             ()\n             (T,)\n             (T0, T1)\n             (T0, T1, T2)\n             (T0, T1, T2, T3)\n           and 158 others\n\u001b[1m\u001b[92mnote\u001b[0m: required by a bound in `history::_::_serde::__private228::de::missing_field`\n  \u001b[1m\u001b[94m--> \u001b[0m/home/hyper/.cargo/registry/src/index.crates.io-1949cf8c6b5b557f/serde-1.0.228/src/private/de.rs:26:8\n   \u001b[1m\u001b[94m|\u001b[0m\n\u001b[1m\u001b[94m24\u001b[0m \u001b[1m\u001b[94m|\u001b[0m pub fn missing_field<'de, V, E>(field: &'static str) -> Result<V, E>\n   \u001b[1m\u001b[94m|\u001b[0m        \u001b[1m\u001b[94m-------------\u001b[0m \u001b[1m\u001b[94mrequired by a bound in this function\u001b[0m\n\u001b[1m\u001b[94m25\u001b[0m \u001b[1m\u001b[94m|\u001b[0m where\n\u001b[1m\u001b[94m26\u001b[0m \u001b[1m\u001b[94m|\u001b[0m     V: Deserialize<'de>,\n   \u001b[1m\u001b[94m|\u001b[0m        \u001b[1m\u001b[92m^^^^^^^^^^^^^^^^\u001b[0m \u001b[1m\u001b[92mrequired by this bound in `missing_field`\u001b[0m\n   \u001b[1m\u001b[94m= \u001b[0m\u001b[1mnote\u001b[0m: this error originates in the derive macro `Deserialize` (in Nightly builds, run with -Z macro-backtrace for more info)\n\n"}
{"$message_type":"diagnostic","message":"the trait bound `Uuid: serde::Serialize` is not satisfied","code":{"code":"E0277","explanation":"You tried to use a type which doesn't implement some trait in a place which\nexpected that trait.\n\nErroneous code example:\n\n```compile_fail,E0277\n// here we declare the Foo trait with a bar method\ntrait Foo {\n    fn bar(&self);\n}\n\n// we now declare a function which takes an object implementing the Foo trait\nfn some_func<T: Foo>(foo: T) {\n    foo.bar();\n}\n\nfn main() {\n    // we now call the method with the i32 type, which doesn't implement\n    // the Foo trait\n    some_func(5i32); // error: the trait bound `i32 : Foo` is not satisfied\n}\n```\n\nIn order to fix this error, verify that the type you're using does implement\nthe trait. Example:\n\n```\ntrait Foo {\n    fn bar(&self);\n}\n\n// we implement the trait on the i32 type\nimpl Foo for i32 {\n    fn bar(&self) {}\n}\n\nfn some_func<T: Foo>(foo: T) {\n    foo.bar(); // we can now use this method since i32 implements the\n               // Foo trait\n}\n\nfn main() {\n    some_func(5i32); // ok!\n}\n```\n\nOr in a generic context, an erroneous code example would look like:\n\n```compile_fail,E0277\nfn some_func<T>(foo: T) {\n    println!(\"{:?}\", foo); // error: the trait `core::fmt::Debug` is not\n                           //        implemented for the type `T`\n}\n\nfn main() {\n    // We now call the method with the i32 type,\n    // which *does* implement the Debug trait.\n    some_func(5i32);\n}\n```\n\nNote that the error here is in the definition of the generic function. Although\nwe only call it with a parameter that does implement `Debug`, the compiler\nstill rejects the function. It must work with all possible input types. In\norder to make this example compile, we need to restrict the generic type we're\naccepting:\n\n```\nuse std::fmt;\n\n// Restrict the input type to types that implement Debug.\nfn some_func<T: fmt::Debug>(foo: T) {\n    println!(\"{:?}\", foo);\n}\n\nfn main() {\n    // Calling the method is still fine, as i32 implements Debug.\n    some_func(5i32);\n\n    // This would fail to compile now:\n    // struct WithoutDebug;\n    // some_func(WithoutDebug);\n}\n```\n\nRust only looks at the signature of the called function, as such it must\nalready specify all requirements that will be used for every type parameter.\n"},"level":"error","spans":[{"file_name":"src/state.rs","byte_start":3044,"byte_end":3053,"line_start":106,"line_end":106,"column_start":24,"column_end":33,"is_primary":true,"text":[{"text":"#[derive(Debug, Clone, Serialize, Deserialize)]","highlight_start":24,"highlight_end":33}],"label":"the trait `Serialize` is not implemented for `Uuid`","suggested_replacement":null,"suggestion_applicability":null,"expansion":{"span":{"file_name":"src/state.rs","byte_start":3044,"byte_end":3053,"line_start":106,"line_end":106,"column_start":24,"column_end":33,"is_primary":false,"text":[{"text":"#[derive(Debug, Clone, Serialize, Deserialize)]","highlight_start":24,"highlight_end":33}],"label":null,"suggested_replacement":null,"suggestion_applicability":null,"expansion":null},"macro_decl_name":"#[derive(Serialize)]","def_site_span":{"file_name":"/home/hyper/.cargo/registry/src/index.crates.io-1949cf8c6b5b557f/serde_derive-1.0.228/src/lib.rs","byte_start":3101,"byte_end":3159,"line_start":114,"line_end":114,"column_start":1,"column_end":59,"is_primary":false,"text":[{"text":"pub fn derive_serialize(input: TokenStream) -> TokenStream {","highlight_start":1,"highlight_end":59}],"label":null,"suggested_replacement":null,"suggestion_applicability":null,"expansion":null}}},{"file_name":"src/state.rs","byte_start":3098,"byte_end":3110,"line_start":108,"line_end":108,"column_start":5,"column_end":17,"is_primary":false,"text":[{"text":"    pub id: Uuid,","highlight_start":5,"highlight_end":17}],"label":"required by a bound introduced by this call","suggested_replacement":null,"suggestion_applicability":null,"expansion":null}],"children":[{"message":"for local types consider adding `#[derive(serde::Serialize)]` to your `Uuid` type","code":null,"level":"note","spans":[],"children":[],"rendered":null},{"message":"for types from other crates check whether the crate offers a `serde` feature flag","code":null,"level":"note","spans":[],"children":[],"rendered":null},{"message":"the following other types implement trait `Serialize`:\n  &'a T\n  &'a mut T\n  ()\n  (T,)\n  (T0, T1)\n  (T0, T1, T2)\n  (T0, T1, T2, T3)\n  (T0, T1, T2, T3, T4)\nand 143 others","code":null,"level":"help","spans":[],"children":[],"rendered":null},{"message":"required by a bound in `history::_::_serde::ser::SerializeStruct::serialize_field`","code":null,"level":"note","spans":[{"file_name":"/home/hyper/.cargo/registry/src/index.crates.io-1949cf8c6b5b557f/serde_core-1.0.228/src/ser/mod.rs","byte_start":62575,"byte_end":62590,"line_start":1915,"line_end":1915,"column_start":8,"column_end":23,"is_primary":false,"text":[{"text":"    fn serialize_field<T>(&mut self, key: &'static str, value: &T) -> Result<(), Self::Error>","highlight_start":8,"highlight_end":23}],"label":"required by a bound in this associated function","suggested_replacement":null,"suggestion_applicability":null,"expansion":null},{"file_name":"/home/hyper/.cargo/registry/src/index.crates.io-1949cf8c6b5b557f/serde_core-1.0.228/src/ser/mod.rs","byte_start":62692,"byte_end":62701,"line_start":1917,"line_end":1917,"column_start":21,"column_end":30,"is_primary":true,"text":[{"text":"        T: ?Sized + Serialize;","highlight_start":21,"highlight_end":30}],"label":"required by this bound in `SerializeStruct::serialize_field`","suggested_replacement":null,"suggestion_applicability":null,"expansion":null}],"children":[],"rendered":null}],"rendered":"\u001b[1m\u001b[91merror[E0277]\u001b[0m\u001b[1m: the trait bound `Uuid: serde::Serialize` is not satisfied\u001b[0m\n    \u001b[1m\u001b[94m--> \u001b[0msrc/state.rs:106:24\n     \u001b[1m\u001b[94m|\u001b[0m\n\u001b[1m\u001b[94m 106\u001b[0m \u001b[1m\u001b[94m|\u001b[0m #[derive(Debug, Clone, Serialize, Deserialize)]\n     \u001b[1m\u001b[94m|\u001b[0m                        \u001b[1m\u001b[91m^^^^^^^^^\u001b[0m \u001b[1m\u001b[91mthe trait `Serialize` is not implemented for `Uuid`\u001b[0m\n\u001b[1m\u001b[94m 107\u001b[0m \u001b[1m\u001b[94m|\u001b[0m pub struct Transaction {\n\u001b[1m\u001b[94m 108\u001b[0m \u001b[1m\u001b[94m|\u001b[0m     pub id: Uuid,\n     \u001b[1m\u001b[94m|\u001b[0m     \u001b[1m\u001b[94m------------\u001b[0m \u001b[1m\u001b[94mrequired by a bound introduced by this call\u001b[0m\n     \u001b[1m\u001b[94m|\u001b[0m\n     \u001b[1m\u001b[94m= \u001b[0m\u001b[1mnote\u001b[0m: for local types consider adding `#[derive(serde::Serialize)]` to your `Uuid` type\n     \u001b[1m\u001b[94m= \u001b[0m\u001b[1mnote\u001b[0m: for types from other crates check whether the crate offers a `serde` feature flag\n     \u001b[1m\u001b[94m= \u001b[0m\u001b[1mhelp\u001b[0m: the following other types implement trait `Serialize`:\n               &'a T\n               &'a mut T\n               ()\n               (T,)\n               (T0, T1)\n               (T0, T1, T2)\n               (T0, T1, T2, T3)\n               (T0, T1, T2, T3, T4)\n             and 143 others\n\u001b[1m\u001b[92mnote\u001b[0m: required by a bound in `history::_::_serde::ser::SerializeStruct::serialize_field`\n    \u001b[1m\u001b[94m--> \u001b[0m/home/hyper/.cargo/registry/src/index.crates.io-1949cf8c6b5b557f/serde_core-1.0.228/src/ser/mod.rs:1917:21\n     \u001b[1m\u001b[94m|\u001b[0m\n\u001b[1m\u001b[94m1915\u001b[0m \u001b[1m\u001b[94m|\u001b[0m     fn serialize_field<T>(&mut self, key: &'static str, value: &T) -> Result<(), Self::Error>\n     \u001b[1m\u001b[94m|\u001b[0m        \u001b[1m\u001b[94m---------------\u001b[0m \u001b[1m\u001b[94mrequired by a bound in this associated function\u001b[0m\n\u001b[1m\u001b[94m1916\u001b[0m \u001b[1m\u001b[94m|\u001b[0m     where\n\u001b[1m\u001b[94m1917\u001b[0m \u001b[1m\u001b[94m|\u001b[0m         T: ?Sized + Serialize;\n     \u001b[1m\u001b[94m|\u001b[0m                     \u001b[1m\u001b[92m^^^^^^^^^\u001b[0m \u001b[1m\u001b[92mrequired by this bound in `SerializeStruct::serialize_field`\u001b[0m\n     \u001b[1m\u001b[94m= \u001b[0m\u001b[1mnote\u001b[0m: this error originates in the derive macro `Serialize` (in Nightly builds, run with -Z macro-backtrace for more info)\n\n"}
{"$message_type":"diagnostic","message":"the trait bound `Uuid: serde::Deserialize<'de>` is not satisfied","code":{"code":"E0277","explanation":"You tried to use a type which doesn't implement some trait in a place which\nexpected that trait.\n\nErroneous code example:\n\n```compile_fail,E0277\n// here we declare the Foo trait with a bar method\ntrait Foo {\n    fn bar(&self);\n}\n\n// we now declare a function which takes an object implementing the Foo trait\nfn some_func<T: Foo>(foo: T) {\n    foo.bar();\n}\n\nfn main() {\n    // we now call the method with the i32 type, which doesn't implement\n    // the Foo trait\n    some_func(5i32); // error: the trait bound `i32 : Foo` is not satisfied\n}\n```\n\nIn order to fix this error, verify that the type you're using does implement\nthe trait. Example:\n\n```\ntrait Foo {\n    fn bar(&self);\n}\n\n// we implement the trait on the i32 type\nimpl Foo for i32 {\n    fn bar(&self) {}\n}\n\nfn some_func<T: Foo>(foo: T) {\n    foo.bar(); // we can now use this method since i32 implements the\n               // Foo trait\n}\n\nfn main() {\n    some_func(5i32); // ok!\n}\n```\n\nOr in a generic context, an erroneous code example would look like:\n\n```compile_fail,E0277\nfn some_func<T>(foo: T) {\n    println!(\"{:?}\", foo); // error: the trait `core::fmt::Debug` is not\n                           //        implemented for the type `T`\n}\n\nfn main() {\n    // We now call the method with the i32 type,\n    // which *does* implement the Debug trait.\n    some_func(5i32);\n}\n```\n\nNote that the error here is in the definition of the generic function. Although\nwe only call it with a parameter that does implement `Debug`, the compiler\nstill rejects the function. It must work with all possible input types. In\norder to make this example compile, we need to restrict the generic type we're\naccepting:\n\n```\nuse std::fmt;\n\n// Restrict the input type to types that implement Debug.\nfn some_func<T: fmt::Debug>(foo: T) {\n    println!(\"{:?}\", foo);\n}\n\nfn main() {\n    // Calling the method is still fine, as i32 implements Debug.\n    some_func(5i32);\n\n    // This would fail to compile now:\n    // struct WithoutDebug;\n    // some_func(WithoutDebug);\n}\n```\n\nRust only looks at the signature of the called function, as such it must\nalready specify all requirements that will be used for every type parameter.\n"},"level":"error","spans":[{"file_name":"src/state.rs","byte_start":3106,"byte_end":3110,"line_start":108,"line_end":108,"column_start":13,"column_end":17,"is_primary":true,"text":[{"text":"    pub id: Uuid,","highlight_start":13,"highlight_end":17}],"label":"the trait `Deserialize<'_>` is not implemented for `Uuid`","suggested_replacement":null,"suggestion_applicability":null,"expansion":null}],"children":[{"message":"for local types consider adding `#[derive(serde::Deserialize)]` to your `Uuid` type","code":null,"level":"note","spans":[],"children":[],"rendered":null},{"message":"for types from other crates check whether the crate offers a `serde` feature flag","code":null,"level":"note","spans":[],"children":[],"rendered":null},{"message":"the following other types implement trait `Deserialize<'de>`:\n  &'a Path\n  &'a [u8]\n  &'a str\n  ()\n  (T,)\n  (T0, T1)\n  (T0, T1, T2)\n  (T0, T1, T2, T3)\nand 158 others","code":null,"level":"help","spans":[],"children":[],"rendered":null},{"message":"required by a bound in `next_element`","code":null,"level":"note","spans":[{"file_name":"/home/hyper/.cargo/registry/src/index.crates.io-1949cf8c6b5b557f/serde_core-1.0.228/src/de/mod.rs","byte_start":63908,"byte_end":63920,"line_start":1769,"line_end":1769,"column_start":8,"column_end":20,"is_primary":false,"text":[{"text":"    fn next_element<T>(&mut self) -> Result<Option<T>, Self::Error>","highlight_start":8,"highlight_end":20}],"label":"required by a bound in this associated function","suggested_replacement":null,"suggestion_applicability":null,"expansion":null},{"file_name":"/home/hyper/.cargo/registry/src/index.crates.io-1949cf8c6b5b557f/serde_core-1.0.228/src/de/mod.rs","byte_start":63990,"byte_end":64006,"line_start":1771,"line_end":1771,"column_start":12,"column_end":28,"is_primary":true,"text":[{"text":"        T: Deserialize<'de>,","highlight_start":12,"highlight_end":28}],"label":"required by this bound in `SeqAccess::next_element`","suggested_replacement":null,"suggestion_applicability":null,"expansion":null}],"children":[],"rendered":null}],"rendered":"\u001b[1m\u001b[91merror[E0277]\u001b[0m\u001b[1m: the trait bound `Uuid: serde::Deserialize<'de>` is not satisfied\u001b[0m\n    \u001b[1m\u001b[94m--> \u001b[0msrc/state.rs:108:13\n     \u001b[1m\u001b[94m|\u001b[0m\n\u001b[1m\u001b[94m 108\u001b[0m \u001b[1m\u001b[94m|\u001b[0m     pub id: Uuid,\n     \u001b[1m\u001b[94m|\u001b[0m             \u001b[1m\u001b[91m^^^^\u001b[0m \u001b[1m\u001b[91mthe trait `Deserialize<'_>` is not implemented for `Uuid`\u001b[0m\n     \u001b[1m\u001b[94m|\u001b[0m\n     \u001b[1m\u001b[94m= \u001b[0m\u001b[1mnote\u001b[0m: for local types consider adding `#[derive(serde::Deserialize)]` to your `Uuid` type\n     \u001b[1m\u001b[94m= \u001b[0m\u001b[1mnote\u001b[0m: for types from other crates check whether the crate offers a `serde` feature flag\n     \u001b[1m\u001b[94m= \u001b[0m\u001b[1mhelp\u001b[0m: the following other types implement trait `Deserialize<'de>`:\n               &'a Path\n               &'a [u8]\n               &'a str\n               ()\n               (T,)\n               (T0, T1)\n               (T0, T1, T2)\n               (T0, T1, T2, T3)\n             and 158 others\n\u001b[1m\u001b[92mnote\u001b[0m: required by a bound in `next_element`\n    \u001b[1m\u001b[94m--> \u001b[0m/home/hyper/.cargo/registry/src/index.crates.io-1949cf8c6b5b557f/serde_core-1.0.228/src/de/mod.rs:1771:12\n     \u001b[1m\u001b[94m|\u001b[0m\n\u001b[1m\u001b[94m1769\u001b[0m \u001b[1m\u001b[94m|\u001b[0m     fn next_element<T>(&mut self) -> Result<Option<T>, Self::Error>\n     \u001b[1m\u001b[94m|\u001b[0m        \u001b[1m\u001b[94m------------\u001b[0m \u001b[1m\u001b[94mrequired by a bound in this associated function\u001b[0m\n\u001b[1m\u001b[94m1770\u001b[0m \u001b[1m\u001b[94m|\u001b[0m     where\n\u001b[1m\u001b[94m1771\u001b[0m \u001b[1m\u001b[94m|\u001b[0m         T: Deserialize<'de>,\n     \u001b[1m\u001b[94m|\u001b[0m            \u001b[1m\u001b[92m^^^^^^^^^^^^^^^^\u001b[0m \u001b[1m\u001b[92mrequired by this bound in `SeqAccess::next_element`\u001b[0m\n\n"}
{"$message_type":"diagnostic","message":"the trait bound `Uuid: serde::Deserialize<'de>` is not satisfied","code":{"code":"E0277","explanation":"You tried to use a type which doesn't implement some trait in a place which\nexpected that trait.\n\nErroneous code example:\n\n```compile_fail,E0277\n// here we declare the Foo trait with a bar method\ntrait Foo {\n    fn bar(&self);\n}\n\n// we now declare a function which takes an object implementing the Foo trait\nfn some_func<T: Foo>(foo: T) {\n    foo.bar();\n}\n\nfn main() {\n    // we now call the method with the i32 type, which doesn't implement\n    // the Foo trait\n    some_func(5i32); // error: the trait bound `i32 : Foo` is not satisfied\n}\n```\n\nIn order to fix this error, verify that the type you're using does implement\nthe trait. Example:\n\n```\ntrait Foo {\n    fn bar(&self);\n}\n\n// we implement the trait on the i32 type\nimpl Foo for i32 {\n    fn bar(&self) {}\n}\n\nfn some_func<T: Foo>(foo: T) {\n    foo.bar(); // we can now use this method since i32 implements the\n               // Foo trait\n}\n\nfn main() {\n    some_func(5i32); // ok!\n}\n```\n\nOr in a generic context, an erroneous code example would look like:\n\n```compile_fail,E0277\nfn some_func<T>(foo: T) {\n    println!(\"{:?}\", foo); // error: the trait `core::fmt::Debug` is not\n                           //        implemented for the type `T`\n}\n\nfn main() {\n    // We now call the method with the i32 type,\n    // which *does* implement the Debug trait.\n    some_func(5i32);\n}\n```\n\nNote that the error here is in the definition of the generic function. Although\nwe only call it with a parameter that does implement `Debug`, the compiler\nstill rejects the function. It must work with all possible input types. In\norder to make this example compile, we need to restrict the generic type we're\naccepting:\n\n```\nuse std::fmt;\n\n// Restrict the input type to types that implement Debug.\nfn some_func<T: fmt::Debug>(foo: T) {\n    println!(\"{:?}\", foo);\n}\n\nfn main() {\n    // Calling the method is still fine, as i32 implements Debug.\n    some_func(5i32);\n\n    // This would fail to compile now:\n    // struct WithoutDebug;\n    // some_func(WithoutDebug);\n}\n```\n\nRust only looks at the signature of the called function, as such it must\nalready specify all requirements that will be used for every type parameter.\n"},"level":"error","spans":[{"file_name":"src/state.rs","byte_start":3186,"byte_end":3195,"line_start":111,"line_end":111,"column_start":21,"column_end":30,"is_primary":true,"text":[{"text":"    pub operations: Vec<Uuid>,","highlight_start":21,"highlight_end":30}],"label":"the trait `Deserialize<'_>` is not implemented for `Uuid`","suggested_replacement":null,"suggestion_applicability":null,"expansion":null}],"children":[{"message":"for local types consider adding `#[derive(serde::Deserialize)]` to your `Uuid` type","code":null,"level":"note","spans":[],"children":[],"rendered":null},{"message":"for types from other crates check whether the crate offers a `serde` feature flag","code":null,"level":"note","spans":[],"children":[],"rendered":null},{"message":"the following other types implement trait `Deserialize<'de>`:\n  &'a Path\n  &'a [u8]\n  &'a str\n  ()\n  (T,)\n  (T0, T1)\n  (T0, T1, T2)\n  (T0, T1, T2, T3)\nand 158 others","code":null,"level":"help","spans":[],"children":[],"rendered":null},{"message":"required for `Vec<Uuid>` to implement `Deserialize<'_>`","code":null,"level":"note","spans":[],"children":[],"rendered":null},{"message":"required by a bound in `next_element`","code":null,"level":"note","spans":[{"file_name":"/home/hyper/.cargo/registry/src/index.crates.io-1949cf8c6b5b557f/serde_core-1.0.228/src/de/mod.rs","byte_start":63908,"byte_end":63920,"line_start":1769,"line_end":1769,"column_start":8,"column_end":20,"is_primary":false,"text":[{"text":"    fn next_element<T>(&mut self) -> Result<Option<T>, Self::Error>","highlight_start":8,"highlight_end":20}],"label":"required by a bound in this associated function","suggested_replacement":null,"suggestion_applicability":null,"expansion":null},{"file_name":"/home/hyper/.cargo/registry/src/index.crates.io-1949cf8c6b5b557f/serde_core-1.0.228/src/de/mod.rs","byte_start":63990,"byte_end":64006,"line_start":1771,"line_end":1771,"column_start":12,"column_end":28,"is_primary":true,"text":[{"text":"        T: Deserialize<'de>,","highlight_start":12,"highlight_end":28}],"label":"required by this bound in `SeqAccess::next_element`","suggested_replacement":null,"suggestion_applicability":null,"expansion":null}],"children":[],"rendered":null}],"rendered":"\u001b[1m\u001b[91merror[E0277]\u001b[0m\u001b[1m: the trait bound `Uuid: serde::Deserialize<'de>` is not satisfied\u001b[0m\n    \u001b[1m\u001b[94m--> \u001b[0msrc/state.rs:111:21\n     \u001b[1m\u001b[94m|\u001b[0m\n\u001b[1m\u001b[94m 111\u001b[0m \u001b[1m\u001b[94m|\u001b[0m     pub operations: Vec<Uuid>,\n     \u001b[1m\u001b[94m|\u001b[0m                     \u001b[1m\u001b[91m^^^^^^^^^\u001b[0m \u001b[1m\u001b[91mthe trait `Deserialize<'_>` is not implemented for `Uuid`\u001b[0m\n     \u001b[1m\u001b[94m|\u001b[0m\n     \u001b[1m\u001b[94m= \u001b[0m\u001b[1mnote\u001b[0m: for local types consider adding `#[derive(serde::Deserialize)]` to your `Uuid` type\n     \u001b[1m\u001b[94m= \u001b[0m\u001b[1mnote\u001b[0m: for types from other crates check whether the crate offers a `serde` feature flag\n     \u001b[1m\u001b[94m= \u001b[0m\u001b[1mhelp\u001b[0m: the following other types implement trait `Deserialize<'de>`:\n               &'a Path\n               &'a [u8]\n               &'a str\n               ()\n               (T,)\n               (T0, T1)\n               (T0, T1, T2)\n               (T0, T1, T2, T3)\n             and 158 others\n     \u001b[1m\u001b[94m= \u001b[0m\u001b[1mnote\u001b[0m: required for `Vec<Uuid>` to implement `Deserialize<'_>`\n\u001b[1m\u001b[92mnote\u001b[0m: required by a bound in `next_element`\n    \u001b[1m\u001b[94m--> \u001b[0m/home/hyper/.cargo/registry/src/index.crates.io-1949cf8c6b5b557f/serde_core-1.0.228/src/de/mod.rs:1771:12\n     \u001b[1m\u001b[94m|\u001b[0m\n\u001b[1m\u001b[94m1769\u001b[0m \u001b[1m\u001b[94m|\u001b[0m     fn next_element<T>(&mut self) -> Result<Option<T>, Self::Error>\n     \u001b[1m\u001b[94m|\u001b[0m        \u001b[1m\u001b[94m------------\u001b[0m \u001b[1m\u001b[94mrequired by a bound in this associated function\u001b[0m\n\u001b[1m\u001b[94m1770\u001b[0m \u001b[1m\u001b[94m|\u001b[0m     where\n\u001b[1m\u001b[94m1771\u001b[0m \u001b[1m\u001b[94m|\u001b[0m         T: Deserialize<'de>,\n     \u001b[1m\u001b[94m|\u001b[0m            \u001b[1m\u001b[92m^^^^^^^^^^^^^^^^\u001b[0m \u001b[1m\u001b[92mrequired by this bound in `SeqAccess::next_element`\u001b[0m\n\n"}
{"$message_type":"diagnostic","message":"the trait bound `Uuid: serde::Deserialize<'de>` is not satisfied","code":{"code":"E0277","explanation":"You tried to use a type which doesn't implement some trait in a place which\nexpected that trait.\n\nErroneous code example:\n\n```compile_fail,E0277\n// here we declare the Foo trait with a bar method\ntrait Foo {\n    fn bar(&self);\n}\n\n// we now declare a function which takes an object implementing the Foo trait\nfn some_func<T: Foo>(foo: T) {\n    foo.bar();\n}\n\nfn main() {\n    // we now call the method with the i32 type, which doesn't implement\n    // the Foo trait\n    some_func(5i32); // error: the trait bound `i32 : Foo` is not satisfied\n}\n```\n\nIn order to fix this error, verify that the type you're using does implement\nthe trait. Example:\n\n```\ntrait Foo {\n    fn bar(&self);\n}\n\n// we implement the trait on the i32 type\nimpl Foo for i32 {\n    fn bar(&self) {}\n}\n\nfn some_func<T: Foo>(foo: T) {\n    foo.bar(); // we can now use this method since i32 implements the\n               // Foo trait\n}\n\nfn main() {\n    some_func(5i32); // ok!\n}\n```\n\nOr in a generic context, an erroneous code example would look like:\n\n```compile_fail,E0277\nfn some_func<T>(foo: T) {\n    println!(\"{:?}\", foo); // error: the trait `core::fmt::Debug` is not\n                           //        implemented for the type `T`\n}\n\nfn main() {\n    // We now call the method with the i32 type,\n    // which *does* implement the Debug trait.\n    some_func(5i32);\n}\n```\n\nNote that the error here is in the definition of the generic function. Although\nwe only call it with a parameter that does implement `Debug`, the compiler\nstill rejects the function. It must work with all possible input types. In\norder to make this example compile, we need to restrict the generic type we're\naccepting:\n\n```\nuse std::fmt;\n\n// Restrict the input type to types that implement Debug.\nfn some_func<T: fmt::Debug>(foo: T) {\n    println!(\"{:?}\", foo);\n}\n\nfn main() {\n    // Calling the method is still fine, as i32 implements Debug.\n    some_func(5i32);\n\n    // This would fail to compile now:\n    // struct WithoutDebug;\n    // some_func(WithoutDebug);\n}\n```\n\nRust only looks at the signature of the called function, as such it must\nalready specify all requirements that will be used for every type parameter.\n"},"level":"error","spans":[{"file_name":"src/state.rs","byte_start":3106,"byte_end":3110,"line_start":108,"line_end":108,"column_start":13,"column_end":17,"is_primary":true,"text":[{"text":"    pub id: Uuid,","highlight_start":13,"highlight_end":17}],"label":"the trait `Deserialize<'_>` is not implemented for `Uuid`","suggested_replacement":null,"suggestion_applicability":null,"expansion":null}],"children":[{"message":"for local types consider adding `#[derive(serde::Deserialize)]` to your `Uuid` type","code":null,"level":"note","spans":[],"children":[],"rendered":null},{"message":"for types from other crates check whether the crate offers a `serde` feature flag","code":null,"level":"note","spans":[],"children":[],"rendered":null},{"message":"the following other types implement trait `Deserialize<'de>`:\n  &'a Path\n  &'a [u8]\n  &'a str\n  ()\n  (T,)\n  (T0, T1)\n  (T0, T1, T2)\n  (T0, T1, T2, T3)\nand 158 others","code":null,"level":"help","spans":[],"children":[],"rendered":null},{"message":"required by a bound in `next_value`","code":null,"level":"note","spans":[{"file_name":"/home/hyper/.cargo/registry/src/index.crates.io-1949cf8c6b5b557f/serde_core-1.0.228/src/de/mod.rs","byte_start":68496,"byte_end":68506,"line_start":1914,"line_end":1914,"column_start":8,"column_end":18,"is_primary":false,"text":[{"text":"    fn next_value<V>(&mut self) -> Result<V, Self::Error>","highlight_start":8,"highlight_end":18}],"label":"required by a bound in this associated function","suggested_replacement":null,"suggestion_applicability":null,"expansion":null},{"file_name":"/home/hyper/.cargo/registry/src/index.crates.io-1949cf8c6b5b557f/serde_core-1.0.228/src/de/mod.rs","byte_start":68568,"byte_end":68584,"line_start":1916,"line_end":1916,"column_start":12,"column_end":28,"is_primary":true,"text":[{"text":"        V: Deserialize<'de>,","highlight_start":12,"highlight_end":28}],"label":"required by this bound in `MapAccess::next_value`","suggested_replacement":null,"suggestion_applicability":null,"expansion":null}],"children":[],"rendered":null}],"rendered":"\u001b[1m\u001b[91merror[E0277]\u001b[0m\u001b[1m: the trait bound `Uuid: serde::Deserialize<'de>` is not satisfied\u001b[0m\n    \u001b[1m\u001b[94m--> \u001b[0msrc/state.rs:108:13\n     \u001b[1m\u001b[94m|\u001b[0m\n\u001b[1m\u001b[94m 108\u001b[0m \u001b[1m\u001b[94m|\u001b[0m     pub id: Uuid,\n     \u001b[1m\u001b[94m|\u001b[0m             \u001b[1m\u001b[91m^^^^\u001b[0m \u001b[1m\u001b[91mthe trait `Deserialize<'_>` is not implemented for `Uuid`\u001b[0m\n     \u001b[1m\u001b[94m|\u001b[0m\n     \u001b[1m\u001b[94m= \u001b[0m\u001b[1mnote\u001b[0m: for local types consider adding `#[derive(serde::Deserialize)]` to your `Uuid` type\n     \u001b[1m\u001b[94m= \u001b[0m\u001b[1mnote\u001b[0m: for types from other crates check whether the crate offers a `serde` feature flag\n     \u001b[1m\u001b[94m= \u001b[0m\u001b[1mhelp\u001b[0m: the following other types implement trait `Deserialize<'de>`:\n               &'a Path\n               &'a [u8]\n               &'a str\n               ()\n               (T,)\n               (T0, T1)\n               (T0, T1, T2)\n               (T0, T1, T2, T3)\n             and 158 others\n\u001b[1m\u001b[92mnote\u001b[0m: required by a bound in `next_value`\n    \u001b[1m\u001b[94m--> \u001b[0m/home/hyper/.cargo/registry/src/index.crates.io-1949cf8c6b5b557f/serde_core-1.0.228/src/de/mod.rs:1916:12\n     \u001b[1m\u001b[94m|\u001b[0m\n\u001b[1m\u001b[94m1914\u001b[0m \u001b[1m\u001b[94m|\u001b[0m     fn next_value<V>(&mut self) -> Result<V, Self::Error>\n     \u001b[1m\u001b[94m|\u001b[0m        \u001b[1m\u001b[94m----------\u001b[0m \u001b[1m\u001b[94mrequired by a bound in this associated function\u001b[0m\n\u001b[1m\u001b[94m1915\u001b[0m \u001b[1m\u001b[94m|\u001b[0m     where\n\u001b[1m\u001b[94m1916\u001b[0m \u001b[1m\u001b[94m|\u001b[0m         V: Deserialize<'de>,\n     \u001b[1m\u001b[94m|\u001b[0m            \u001b[1m\u001b[92m^^^^^^^^^^^^^^^^\u001b[0m \u001b[1m\u001b[92mrequired by this bound in `MapAccess::next_value`\u001b[0m\n\n"}
{"$message_type":"diagnostic","message":"the trait bound `Uuid: serde::Deserialize<'de>` is not satisfied","code":{"code":"E0277","explanation":"You tried to use a type which doesn't implement some trait in a place which\nexpected that trait.\n\nErroneous code example:\n\n```compile_fail,E0277\n// here we declare the Foo trait with a bar method\ntrait Foo {\n    fn bar(&self);\n}\n\n// we now declare a function which takes an object implementing the Foo trait\nfn some_func<T: Foo>(foo: T) {\n    foo.bar();\n}\n\nfn main() {\n    // we now call the method with the i32 type, which doesn't implement\n    // the Foo trait\n    some_func(5i32); // error: the trait bound `i32 : Foo` is not satisfied\n}\n```\n\nIn order to fix this error, verify that the type you're using does implement\nthe trait. Example:\n\n```\ntrait Foo {\n    fn bar(&self);\n}\n\n// we implement the trait on the i32 type\nimpl Foo for i32 {\n    fn bar(&self) {}\n}\n\nfn some_func<T: Foo>(foo: T) {\n    foo.bar(); // we can now use this method since i32 implements the\n               // Foo trait\n}\n\nfn main() {\n    some_func(5i32); // ok!\n}\n```\n\nOr in a generic context, an erroneous code example would look like:\n\n```compile_fail,E0277\nfn some_func<T>(foo: T) {\n    println!(\"{:?}\", foo); // error: the trait `core::fmt::Debug` is not\n                           //        implemented for the type `T`\n}\n\nfn main() {\n    // We now call the method with the i32 type,\n    // which *does* implement the Debug trait.\n    some_func(5i32);\n}\n```\n\nNote that the error here is in the definition of the generic function. Although\nwe only call it with a parameter that does implement `Debug`, the compiler\nstill rejects the function. It must work with all possible input types. In\norder to make this example compile, we need to restrict the generic type we're\naccepting:\n\n```\nuse std::fmt;\n\n// Restrict the input type to types that implement Debug.\nfn some_func<T: fmt::Debug>(foo: T) {\n    println!(\"{:?}\", foo);\n}\n\nfn main() {\n    // Calling the method is still fine, as i32 implements Debug.\n    some_func(5i32);\n\n    // This would fail to compile now:\n    // struct WithoutDebug;\n    // some_func(WithoutDebug);\n}\n```\n\nRust only looks at the signature of the called function, as such it must\nalready specify all requirements that will be used for every type parameter.\n"},"level":"error","spans":[{"file_name":"src/state.rs","byte_start":3186,"byte_end":3195,"line_start":111,"line_end":111,"column_start":21,"column_end":30,"is_primary":true,"text":[{"text":"    pub operations: Vec<Uuid>,","highlight_start":21,"highlight_end":30}],"label":"the trait `Deserialize<'_>` is not implemented for `Uuid`","suggested_replacement":null,"suggestion_applicability":null,"expansion":null}],"children":[{"message":"for local types consider adding `#[derive(serde::Deserialize)]` to your `Uuid` type","code":null,"level":"note","spans":[],"children":[],"rendered":null},{"message":"for types from other crates check whether the crate offers a `serde` feature flag","code":null,"level":"note","spans":[],"children":[],"rendered":null},{"message":"the following other types implement trait `Deserialize<'de>`:\n  &'a Path\n  &'a [u8]\n  &'a str\n  ()\n  (T,)\n  (T0, T1)\n  (T0, T1, T2)\n  (T0, T1, T2, T3)\nand 158 others","code":null,"level":"help","spans":[],"children":[],"rendered":null},{"message":"required for `Vec<Uuid>` to implement `Deserialize<'_>`","code":null,"level":"note","spans":[],"children":[],"rendered":null},{"message":"required by a bound in `next_value`","code":null,"level":"note","spans":[{"file_name":"/home/hyper/.cargo/registry/src/index.crates.io-1949cf8c6b5b557f/serde_core-1.0.228/src/de/mod.rs","byte_start":68496,"byte_end":68506,"line_start":1914,"line_end":1914,"column_start":8,"column_end":18,"is_primary":false,"text":[{"text":"    fn next_value<V>(&mut self) -> Result<V, Self::Error>","highlight_start":8,"highlight_end":18}],"label":"required by a bound in this associated function","suggested_replacement":null,"suggestion_applicability":null,"expansion":null},{"file_name":"/home/hyper/.cargo/registry/src/index.crates.io-1949cf8c6b5b557f/serde_core-1.0.228/src/de/mod.rs","byte_start":68568,"byte_end":68584,"line_start":1916,"line_end":1916,"column_start":12,"column_end":28,"is_primary":true,"text":[{"text":"        V: Deserialize<'de>,","highlight_start":12,"highlight_end":28}],"label":"required by this bound in `MapAccess::next_value`","suggested_replacement":null,"suggestion_applicability":null,"expansion":null}],"children":[],"rendered":null}],"rendered":"\u001b[1m\u001b[91merror[E0277]\u001b[0m\u001b[1m: the trait bound `Uuid: serde::Deserialize<'de>` is not satisfied\u001b[0m\n    \u001b[1m\u001b[94m--> \u001b[0msrc/state.rs:111:21\n     \u001b[1m\u001b[94m|\u001b[0m\n\u001b[1m\u001b[94m 111\u001b[0m \u001b[1m\u001b[94m|\u001b[0m     pub operations: Vec<Uuid>,\n     \u001b[1m\u001b[94m|\u001b[0m                     \u001b[1m\u001b[91m^^^^^^^^^\u001b[0m \u001b[1m\u001b[91mthe trait `Deserialize<'_>` is not implemented for `Uuid`\u001b[0m\n     \u001b[1m\u001b[94m|\u001b[0m\n     \u001b[1m\u001b[94m= \u001b[0m\u001b[1mnote\u001b[0m: for local types consider adding `#[derive(serde::Deserialize)]` to your `Uuid` type\n     \u001b[1m\u001b[94m= \u001b[0m\u001b[1mnote\u001b[0m: for types from other crates check whether the crate offers a `serde` feature flag\n     \u001b[1m\u001b[94m= \u001b[0m\u001b[1mhelp\u001b[0m: the following other types implement trait `Deserialize<'de>`:\n               &'a Path\n               &'a [u8]\n               &'a str\n               ()\n               (T,)\n               (T0, T1)\n               (T0, T1, T2)\n               (T0, T1, T2, T3)\n             and 158 others\n     \u001b[1m\u001b[94m= \u001b[0m\u001b[1mnote\u001b[0m: required for `Vec<Uuid>` to implement `Deserialize<'_>`\n\u001b[1m\u001b[92mnote\u001b[0m: required by a bound in `next_value`\n    \u001b[1m\u001b[94m--> \u001b[0m/home/hyper/.cargo/registry/src/index.crates.io-1949cf8c6b5b557f/serde_core-1.0.228/src/de/mod.rs:1916:12\n     \u001b[1m\u001b[94m|\u001b[0m\n\u001b[1m\u001b[94m1914\u001b[0m \u001b[1m\u001b[94m|\u001b[0m     fn next_value<V>(&mut self) -> Result<V, Self::Error>\n     \u001b[1m\u001b[94m|\u001b[0m        \u001b[1m\u001b[94m----------\u001b[0m \u001b[1m\u001b[94mrequired by a bound in this associated function\u001b[0m\n\u001b[1m\u001b[94m1915\u001b[0m \u001b[1m\u001b[94m|\u001b[0m     where\n\u001b[1m\u001b[94m1916\u001b[0m \u001b[1m\u001b[94m|\u001b[0m         V: Deserialize<'de>,\n     \u001b[1m\u001b[94m|\u001b[0m            \u001b[1m\u001b[92m^^^^^^^^^^^^^^^^\u001b[0m \u001b[1m\u001b[92mrequired by this bound in `MapAccess::next_value`\u001b[0m\n\n"}
{"$message_type":"diagnostic","message":"the trait bound `Uuid: serde::Deserialize<'de>` is not satisfied","code":{"code":"E0277","explanation":"You tried to use a type which doesn't implement some trait in a place which\nexpected that trait.\n\nErroneous code example:\n\n```compile_fail,E0277\n// here we declare the Foo trait with a bar method\ntrait Foo {\n    fn bar(&self);\n}\n\n// we now declare a function which takes an object implementing the Foo trait\nfn some_func<T: Foo>(foo: T) {\n    foo.bar();\n}\n\nfn main() {\n    // we now call the method with the i32 type, which doesn't implement\n    // the Foo trait\n    some_func(5i32); // error: the trait bound `i32 : Foo` is not satisfied\n}\n```\n\nIn order to fix this error, verify that the type you're using does implement\nthe trait. Example:\n\n```\ntrait Foo {\n    fn bar(&self);\n}\n\n// we implement the trait on the i32 type\nimpl Foo for i32 {\n    fn bar(&self) {}\n}\n\nfn some_func<T: Foo>(foo: T) {\n    foo.bar(); // we can now use this method since i32 implements the\n               // Foo trait\n}\n\nfn main() {\n    some_func(5i32); // ok!\n}\n```\n\nOr in a generic context, an erroneous code example would look like:\n\n```compile_fail,E0277\nfn some_func<T>(foo: T) {\n    println!(\"{:?}\", foo); // error: the trait `core::fmt::Debug` is not\n                           //        implemented for the type `T`\n}\n\nfn main() {\n    // We now call the method with the i32 type,\n    // which *does* implement the Debug trait.\n    some_func(5i32);\n}\n```\n\nNote that the error here is in the definition of the generic function. Although\nwe only call it with a parameter that does implement `Debug`, the compiler\nstill rejects the function. It must work with all possible input types. In\norder to make this example compile, we need to restrict the generic type we're\naccepting:\n\n```\nuse std::fmt;\n\n// Restrict the input type to types that implement Debug.\nfn some_func<T: fmt::Debug>(foo: T) {\n    println!(\"{:?}\", foo);\n}\n\nfn main() {\n    // Calling the method is still fine, as i32 implements Debug.\n    some_func(5i32);\n\n    // This would fail to compile now:\n    // struct WithoutDebug;\n    // some_func(WithoutDebug);\n}\n```\n\nRust only looks at the signature of the called function, as such it must\nalready specify all requirements that will be used for every type parameter.\n"},"level":"error","spans":[{"file_name":"src/state.rs","byte_start":3055,"byte_end":3066,"line_start":106,"line_end":106,"column_start":35,"column_end":46,"is_primary":true,"text":[{"text":"#[derive(Debug, Clone, Serialize, Deserialize)]","highlight_start":35,"highlight_end":46}],"label":"the trait `Deserialize<'_>` is not implemented for `Uuid`","suggested_replacement":null,"suggestion_applicability":null,"expansion":{"span":{"file_name":"src/state.rs","byte_start":3055,"byte_end":3066,"line_start":106,"line_end":106,"column_start":35,"column_end":46,"is_primary":false,"text":[{"text":"#[derive(Debug, Clone, Serialize, Deserialize)]","highlight_start":35,"highlight_end":46}],"label":null,"suggested_replacement":null,"suggestion_applicability":null,"expansion":null},"macro_decl_name":"#[derive(Deserialize)]","def_site_span":{"file_name":"/home/hyper/.cargo/registry/src/index.crates.io-1949cf8c6b5b557f/serde_derive-1.0.228/src/lib.rs","byte_start":3397,"byte_end":3457,"line_start":122,"line_end":122,"column_start":1,"column_end":61,"is_primary":false,"text":[{"text":"pub fn derive_deserialize(input: TokenStream) -> TokenStream {","highlight_start":1,"highlight_end":61}],"label":null,"suggested_replacement":null,"suggestion_applicability":null,"expansion":null}}}],"children":[{"message":"for local types consider adding `#[derive(serde::Deserialize)]` to your `Uuid` type","code":null,"level":"note","spans":[],"children":[],"rendered":null},{"message":"for types from other crates check whether the crate offers a `serde` feature flag","code":null,"level":"note","spans":[],"children":[],"rendered":null},{"message":"the following other types implement trait `Deserialize<'de>`:\n  &'a Path\n  &'a [u8]\n  &'a str\n  ()\n  (T,)\n  (T0, T1)\n  (T0, T1, T2)\n  (T0, T1, T2, T3)\nand 158 others","code":null,"level":"help","spans":[],"children":[],"rendered":null},{"message":"required by a bound in `history::_::_serde::__private228::de::missing_field`","code":null,"level":"note","spans":[{"file_name":"/home/hyper/.cargo/registry/src/index.crates.io-1949cf8c6b5b557f/serde-1.0.228/src/private/de.rs","byte_start":837,"byte_end":850,"line_start":24,"line_end":24,"column_start":8,"column_end":21,"is_primary":false,"text":[{"text":"pub fn missing_field<'de, V, E>(field: &'static str) -> Result<V, E>","highlight_start":8,"highlight_end":21}],"label":"required by a bound in this function","suggested_replacement":null,"suggestion_applicability":null,"expansion":null},{"file_name":"/home/hyper/.cargo/registry/src/index.crates.io-1949cf8c6b5b557f/serde-1.0.228/src/private/de.rs","byte_start":912,"byte_end":928,"line_start":26,"line_end":26,"column_start":8,"column_end":24,"is_primary":true,"text":[{"text":"    V: Deserialize<'de>,","highlight_start":8,"highlight_end":24}],"label":"required by this bound in `missing_field`","suggested_replacement":null,"suggestion_applicability":null,"expansion":null}],"children":[],"rendered":null}],"rendered":"\u001b[1m\u001b[91merror[E0277]\u001b[0m\u001b[1m: the trait bound `Uuid: serde::Deserialize<'de>` is not satisfied\u001b[0m\n   \u001b[1m\u001b[94m--> \u001b[0msrc/state.rs:106:35\n    \u001b[1m\u001b[94m|\u001b[0m\n\u001b[1m\u001b[94m106\u001b[0m \u001b[1m\u001b[94m|\u001b[0m #[derive(Debug, Clone, Serialize, Deserialize)]\n    \u001b[1m\u001b[94m|\u001b[0m                                   \u001b[1m\u001b[91m^^^^^^^^^^^\u001b[0m \u001b[1m\u001b[91mthe trait `Deserialize<'_>` is not implemented for `Uuid`\u001b[0m\n    \u001b[1m\u001b[94m|\u001b[0m\n    \u001b[1m\u001b[94m= \u001b[0m\u001b[1mnote\u001b[0m: for local types consider adding `#[derive(serde::Deserialize)]` to your `Uuid` type\n    \u001b[1m\u001b[94m= \u001b[0m\u001b[1mnote\u001b[0m: for types from other crates check whether the crate offers a `serde` feature flag\n    \u001b[1m\u001b[94m= \u001b[0m\u001b[1mhelp\u001b[0m: the following other types implement trait `Deserialize<'de>`:\n              &'a Path\n              &'a [u8]\n              &'a str\n              ()\n              (T,)\n              (T0, T1)\n              (T0, T1, T2)\n              (T0, T1, T2, T3)\n            and 158 others\n\u001b[1m\u001b[92mnote\u001b[0m: required by a bound in `history::_::_serde::__private228::de::missing_field`\n   \u001b[1m\u001b[94m--> \u001b[0m/home/hyper/.cargo/registry/src/index.crates.io-1949cf8c6b5b557f/serde-1.0.228/src/private/de.rs:26:8\n    \u001b[1m\u001b[94m|\u001b[0m\n\u001b[1m\u001b[94m 24\u001b[0m \u001b[1m\u001b[94m|\u001b[0m pub fn missing_field<'de, V, E>(field: &'static str) -> Result<V, E>\n    \u001b[1m\u001b[94m|\u001b[0m        \u001b[1m\u001b[94m-------------\u001b[0m \u001b[1m\u001b[94mrequired by a bound in this function\u001b[0m\n\u001b[1m\u001b[94m 25\u001b[0m \u001b[1m\u001b[94m|\u001b[0m where\n\u001b[1m\u001b[94m 26\u001b[0m \u001b[1m\u001b[94m|\u001b[0m     V: Deserialize<'de>,\n    \u001b[1m\u001b[94m|\u001b[0m        \u001b[1m\u001b[92m^^^^^^^^^^^^^^^^\u001b[0m \u001b[1m\u001b[92mrequired by this bound in `missing_field`\u001b[0m\n    \u001b[1m\u001b[94m= \u001b[0m\u001b[1mnote\u001b[0m: this error originates in the derive macro `Deserialize` (in Nightly builds, run with -Z macro-backtrace for more info)\n\n"}
{"$message_type":"diagnostic","message":"cannot borrow `*state` as mutable because it is also borrowed as immutable","code":{"code":"E0502","explanation":"A variable already borrowed with a certain mutability (either mutable or\nimmutable) was borrowed again with a different mutability.\n\nErroneous code example:\n\n```compile_fail,E0502\nfn bar(x: &mut i32) {}\nfn foo(a: &mut i32) {\n    let y = &a; // a is borrowed as immutable.\n    bar(a); // error: cannot borrow `*a` as mutable because `a` is also borrowed\n            //        as immutable\n    println!(\"{}\", y);\n}\n```\n\nTo fix this error, ensure that you don't have any other references to the\nvariable before trying to access it with a different mutability:\n\n```\nfn bar(x: &mut i32) {}\nfn foo(a: &mut i32) {\n    bar(a);\n    let y = &a; // ok!\n    println!(\"{}\", y);\n}\n```\n\nFor more information on Rust's ownership system, take a look at the\n[References & Borrowing][references-and-borrowing] section of the Book.\n\n[references-and-borrowing]: https://doc.rust-lang.org/book/ch04-02-references-and-borrowing.html\n"},"level":"error","spans":[{"file_name":"src/commands.rs","byte_start":5985,"byte_end":6020,"line_start":205,"line_end":205,"column_start":9,"column_end":44,"is_primary":true,"text":[{"text":"        state.mark_undone(orig_id, undo_id);","highlight_start":9,"highlight_end":44}],"label":"mutable borrow occurs here","suggested_replacement":null,"suggestion_applicability":null,"expansion":null},{"file_name":"src/commands.rs","byte_start":4619,"byte_end":4624,"line_start":168,"line_end":168,"column_start":23,"column_end":28,"is_primary":false,"text":[{"text":"    let ops_to_undo = state.last_n_undoable(count);","highlight_start":23,"highlight_end":28}],"label":"immutable borrow occurs here","suggested_replacement":null,"suggestion_applicability":null,"expansion":null},{"file_name":"src/commands.rs","byte_start":4785,"byte_end":4796,"line_start":175,"line_end":175,"column_start":15,"column_end":26,"is_primary":false,"text":[{"text":"    for op in ops_to_undo {","highlight_start":15,"highlight_end":26}],"label":"immutable borrow later used here","suggested_replacement":null,"suggestion_applicability":null,"expansion":{"span":{"file_name":"src/commands.rs","byte_start":4775,"byte_end":6520,"line_start":175,"line_end":220,"column_start":5,"column_end":6,"is_primary":false,"text":[{"text":"    for op in ops_to_undo {","highlight_start":5,"highlight_end":28},{"text":"        let inverse_type = op.op_type.inverse().context(\"Operation has no inverse\")?;","highlight_start":1,"highlight_end":86},{"text":"        let path = state.resolve_path(&op.path);","highlight_start":1,"highlight_end":49},{"text":"","highlight_start":1,"highlight_end":1},{"text":"        // Execute inverse operation","highlight_start":1,"highlight_end":37},{"text":"        match inverse_type {","highlight_start":1,"highlight_end":29},{"text":"            OperationType::Rmdir => {","highlight_start":1,"highlight_end":38},{"text":"                fs::remove_dir(&path).context(\"Undo mkdir failed\")?;","highlight_start":1,"highlight_end":69},{"text":"            }","highlight_start":1,"highlight_end":14},{"text":"            OperationType::Mkdir => {","highlight_start":1,"highlight_end":38},{"text":"                fs::create_dir(&path).context(\"Undo rmdir failed\")?;","highlight_start":1,"highlight_end":69},{"text":"            }","highlight_start":1,"highlight_end":14},{"text":"            OperationType::DeleteFile => {","highlight_start":1,"highlight_end":43},{"text":"                fs::remove_file(&path).context(\"Undo touch failed\")?;","highlight_start":1,"highlight_end":70},{"text":"            }","highlight_start":1,"highlight_end":14},{"text":"            OperationType::CreateFile => {","highlight_start":1,"highlight_end":43},{"text":"                let content = op.undo_data.as_ref().cloned().unwrap_or_default();","highlight_start":1,"highlight_end":82},{"text":"                fs::write(&path, content).context(\"Undo rm failed\")?;","highlight_start":1,"highlight_end":70},{"text":"            }","highlight_start":1,"highlight_end":14},{"text":"            OperationType::WriteFile => {","highlight_start":1,"highlight_end":42},{"text":"                let content = op.undo_data.as_ref().cloned().unwrap_or_default();","highlight_start":1,"highlight_end":82},{"text":"                fs::write(&path, content).context(\"Undo write failed\")?;","highlight_start":1,"highlight_end":73},{"text":"            }","highlight_start":1,"highlight_end":14},{"text":"        }","highlight_start":1,"highlight_end":10},{"text":"","highlight_start":1,"highlight_end":1},{"text":"        // Record the undo operation","highlight_start":1,"highlight_end":37},{"text":"        let undo_op = Operation::new(inverse_type, op.path.clone(), None);","highlight_start":1,"highlight_end":75},{"text":"        let undo_id = undo_op.id;","highlight_start":1,"highlight_end":34},{"text":"        let orig_id = op.id;","highlight_start":1,"highlight_end":29},{"text":"","highlight_start":1,"highlight_end":1},{"text":"        state.mark_undone(orig_id, undo_id);","highlight_start":1,"highlight_end":45},{"text":"","highlight_start":1,"highlight_end":1},{"text":"        println!(","highlight_start":1,"highlight_end":18},{"text":"            \"{} {} {} {} {}\",","highlight_start":1,"highlight_end":30},{"text":"            format!(\"[op:{}]\", &undo_id.to_string()[..8]).bright_black(),","highlight_start":1,"highlight_end":74},{"text":"            \"undo\".bright_magenta(),","highlight_start":1,"highlight_end":37},{"text":"            format!(\"[op:{}]\", &orig_id.to_string()[..8]).bright_black(),","highlight_start":1,"highlight_end":74},{"text":"            inverse_type.to_string().bright_yellow(),","highlight_start":1,"highlight_end":54},{"text":"            op.path","highlight_start":1,"highlight_end":20},{"text":"        );","highlight_start":1,"highlight_end":11},{"text":"","highlight_start":1,"highlight_end":1},{"text":"        if verbose {","highlight_start":1,"highlight_end":21},{"text":"            let proof = proof_refs::COMPOSITION_REVERSIBLE;","highlight_start":1,"highlight_end":60},{"text":"            println!(\"    {} {}\", \"Proof:\".bright_black(), proof.format_short());","highlight_start":1,"highlight_end":82},{"text":"        }","highlight_start":1,"highlight_end":10},{"text":"    }","highlight_start":1,"highlight_end":6}],"label":null,"suggested_replacement":null,"suggestion_applicability":null,"expansion":null},"macro_decl_name":"desugaring of `for` loop","def_site_span":{"file_name":"src/main.rs","byte_start":0,"byte_end":0,"line_start":1,"line_end":1,"column_start":1,"column_end":1,"is_primary":false,"text":[],"label":null,"suggested_replacement":null,"suggestion_applicability":null,"expansion":null}}}],"children":[],"rendered":"\u001b[1m\u001b[91merror[E0502]\u001b[0m\u001b[1m: cannot borrow `*state` as mutable because it is also borrowed as immutable\u001b[0m\n   \u001b[1m\u001b[94m--> \u001b[0msrc/commands.rs:205:9\n    \u001b[1m\u001b[94m|\u001b[0m\n\u001b[1m\u001b[94m168\u001b[0m \u001b[1m\u001b[94m|\u001b[0m     let ops_to_undo = state.last_n_undoable(count);\n    \u001b[1m\u001b[94m|\u001b[0m                       \u001b[1m\u001b[94m-----\u001b[0m \u001b[1m\u001b[94mimmutable borrow occurs here\u001b[0m\n\u001b[1m\u001b[94m...\u001b[0m\n\u001b[1m\u001b[94m175\u001b[0m \u001b[1m\u001b[94m|\u001b[0m     for op in ops_to_undo {\n    \u001b[1m\u001b[94m|\u001b[0m               \u001b[1m\u001b[94m-----------\u001b[0m \u001b[1m\u001b[94mimmutable borrow later used here\u001b[0m\n\u001b[1m\u001b[94m...\u001b[0m\n\u001b[1m\u001b[94m205\u001b[0m \u001b[1m\u001b[94m|\u001b[0m         state.mark_undone(orig_id, undo_id);\n    \u001b[1m\u001b[94m|\u001b[0m         \u001b[1m\u001b[91m^^^^^^^^^^^^^^^^^^^^^^^^^^^^^^^^^^^\u001b[0m \u001b[1m\u001b[91mmutable borrow occurs here\u001b[0m\n\n"}
{"$message_type":"diagnostic","message":"aborting due to 15 previous errors; 1 warning emitted","code":null,"level":"error","spans":[],"children":[],"rendered":"\u001b[1m\u001b[91merror\u001b[0m\u001b[1m: aborting due to 15 previous errors; 1 warning emitted\u001b[0m\n\n"}
{"$message_type":"diagnostic","message":"Some errors have detailed explanations: E0277, E0502.","code":null,"level":"failure-note","spans":[],"children":[],"rendered":"\u001b[1mSome errors have detailed explanations: E0277, E0502.\u001b[0m\n"}
{"$message_type":"diagnostic","message":"For more information about an error, try `rustc --explain E0277`.","code":null,"level":"failure-note","spans":[],"children":[],"rendered":"\u001b[1mFor more information about an error, try `rustc --explain E0277`.\u001b[0m\n"}
